{"C:\\Users\\inet\\PycharmProjects\\PythonProject\\pervye-30\\components\\progress-bar.tsx": {"path":"C:\\Users\\inet\\PycharmProjects\\PythonProject\\pervye-30\\components\\progress-bar.tsx","statementMap":{"0":{"start":{"line":17,"column":16},"end":{"line":17,"column":28}},"1":{"start":{"line":60,"column":16},"end":{"line":60,"column":29}},"2":{"start":{"line":1,"column":19},"end":{"line":1,"column":null}},"3":{"start":{"line":5,"column":39},"end":{"line":9,"column":null}},"4":{"start":{"line":11,"column":40},"end":{"line":15,"column":null}},"5":{"start":{"line":33,"column":15},"end":{"line":33,"column":null}},"6":{"start":{"line":71,"column":15},"end":{"line":71,"column":null}}},"fnMap":{"0":{"name":"ProgressBar","decl":{"start":{"line":17,"column":16},"end":{"line":17,"column":28}},"loc":{"start":{"line":32,"column":1},"end":{"line":58,"column":null}}},"1":{"name":"ProgressRing","decl":{"start":{"line":60,"column":16},"end":{"line":60,"column":29}},"loc":{"start":{"line":70,"column":1},"end":{"line":98,"column":null}}}},"branchMap":{"0":{"loc":{"start":{"line":21,"column":2},"end":{"line":21,"column":17}},"type":"default-arg","locations":[{"start":{"line":21,"column":9},"end":{"line":21,"column":17}}]},"1":{"loc":{"start":{"line":22,"column":2},"end":{"line":22,"column":13}},"type":"default-arg","locations":[{"start":{"line":22,"column":9},"end":{"line":22,"column":13}}]},"2":{"loc":{"start":{"line":37,"column":8},"end":{"line":37,"column":17}},"type":"binary-expr","locations":[{"start":{"line":37,"column":8},"end":{"line":37,"column":17}},{"start":{"line":37,"column":17},"end":{"line":37,"column":20}}]},"3":{"loc":{"start":{"line":39,"column":11},"end":{"line":39,"column":20}},"type":"binary-expr","locations":[{"start":{"line":39,"column":11},"end":{"line":39,"column":20}}]},"4":{"loc":{"start":{"line":40,"column":11},"end":{"line":40,"column":19}},"type":"binary-expr","locations":[{"start":{"line":40,"column":11},"end":{"line":40,"column":19}}]},"5":{"loc":{"start":{"line":48,"column":20},"end":{"line":48,"column":null}},"type":"binary-expr","locations":[{"start":{"line":48,"column":20},"end":{"line":48,"column":29}},{"start":{"line":48,"column":29},"end":{"line":48,"column":null}}]},"6":{"loc":{"start":{"line":49,"column":69},"end":{"line":49,"column":null}},"type":"cond-expr","locations":[{"start":{"line":49,"column":85},"end":{"line":49,"column":95}},{"start":{"line":49,"column":95},"end":{"line":49,"column":null}}]},"7":{"loc":{"start":{"line":63,"column":2},"end":{"line":63,"column":17}},"type":"default-arg","locations":[{"start":{"line":63,"column":9},"end":{"line":63,"column":17}}]},"8":{"loc":{"start":{"line":64,"column":2},"end":{"line":64,"column":12}},"type":"default-arg","locations":[{"start":{"line":64,"column":9},"end":{"line":64,"column":12}}]},"9":{"loc":{"start":{"line":93,"column":11},"end":{"line":93,"column":22}},"type":"binary-expr","locations":[{"start":{"line":93,"column":11},"end":{"line":93,"column":22}}]}},"s":{"0":4,"1":2,"2":1,"3":1,"4":1,"5":4,"6":2},"f":{"0":4,"1":2},"b":{"0":[4],"1":[4],"2":[4,0],"3":[4],"4":[4],"5":[4,0],"6":[0,4],"7":[2],"8":[2],"9":[2]}}
,"C:\\Users\\inet\\PycharmProjects\\PythonProject\\pervye-30\\components\\stat-card.tsx": {"path":"C:\\Users\\inet\\PycharmProjects\\PythonProject\\pervye-30\\components\\stat-card.tsx","statementMap":{"0":{"start":{"line":15,"column":16},"end":{"line":15,"column":25}},"1":{"start":{"line":3,"column":21},"end":{"line":3,"column":null}},"2":{"start":{"line":4,"column":19},"end":{"line":4,"column":null}},"3":{"start":{"line":8,"column":40},"end":{"line":13,"column":null}}},"fnMap":{"0":{"name":"StatCard","decl":{"start":{"line":15,"column":16},"end":{"line":15,"column":25}},"loc":{"start":{"line":29,"column":1},"end":{"line":46,"column":null}}}},"branchMap":{"0":{"loc":{"start":{"line":20,"column":2},"end":{"line":20,"column":18}},"type":"default-arg","locations":[{"start":{"line":20,"column":9},"end":{"line":20,"column":18}}]},"1":{"loc":{"start":{"line":33,"column":9},"end":{"line":33,"column":null}},"type":"binary-expr","locations":[{"start":{"line":33,"column":9},"end":{"line":33,"column":null}}]},"2":{"loc":{"start":{"line":41,"column":11},"end":{"line":41,"column":19}},"type":"binary-expr","locations":[{"start":{"line":41,"column":11},"end":{"line":41,"column":19}}]}},"s":{"0":3,"1":1,"2":1,"3":1},"f":{"0":3},"b":{"0":[3],"1":[3],"2":[3]}}
,"C:\\Users\\inet\\PycharmProjects\\PythonProject\\pervye-30\\components\\ui\\card.tsx": {"path":"C:\\Users\\inet\\PycharmProjects\\PythonProject\\pervye-30\\components\\ui\\card.tsx","statementMap":{"0":{"start":{"line":18,"column":16},"end":{"line":18,"column":21}},"1":{"start":{"line":63,"column":16},"end":{"line":63,"column":25}},"2":{"start":{"line":32,"column":16},"end":{"line":32,"column":27}},"3":{"start":{"line":3,"column":19},"end":{"line":3,"column":null}},"4":{"start":{"line":11,"column":62},"end":{"line":16,"column":null}}},"fnMap":{"0":{"name":"Card","decl":{"start":{"line":18,"column":16},"end":{"line":18,"column":21}},"loc":{"start":{"line":18,"column":86},"end":{"line":30,"column":null}}},"1":{"name":"CardHeader","decl":{"start":{"line":32,"column":16},"end":{"line":32,"column":27}},"loc":{"start":{"line":44,"column":1},"end":{"line":61,"column":null}}},"2":{"name":"CardBody","decl":{"start":{"line":63,"column":16},"end":{"line":63,"column":25}},"loc":{"start":{"line":63,"column":80},"end":{"line":65,"column":null}}}},"branchMap":{"0":{"loc":{"start":{"line":18,"column":34},"end":{"line":18,"column":50}},"type":"default-arg","locations":[{"start":{"line":18,"column":41},"end":{"line":18,"column":50}}]},"1":{"loc":{"start":{"line":24,"column":8},"end":{"line":24,"column":null}},"type":"binary-expr","locations":[{"start":{"line":24,"column":8},"end":{"line":24,"column":23}},{"start":{"line":24,"column":23},"end":{"line":24,"column":null}}]},"2":{"loc":{"start":{"line":48,"column":9},"end":{"line":48,"column":null}},"type":"binary-expr","locations":[{"start":{"line":48,"column":9},"end":{"line":48,"column":null}}]},"3":{"loc":{"start":{"line":55,"column":11},"end":{"line":55,"column":26}},"type":"binary-expr","locations":[{"start":{"line":55,"column":11},"end":{"line":55,"column":26}}]},"4":{"loc":{"start":{"line":58,"column":7},"end":{"line":58,"column":17}},"type":"binary-expr","locations":[{"start":{"line":58,"column":7},"end":{"line":58,"column":17}}]}},"s":{"0":3,"1":0,"2":0,"3":1,"4":1},"f":{"0":3,"1":0,"2":0},"b":{"0":[3],"1":[3,0],"2":[0],"3":[0],"4":[0]}}
,"C:\\Users\\inet\\PycharmProjects\\PythonProject\\pervye-30\\lib\\mockData.ts": {"path":"C:\\Users\\inet\\PycharmProjects\\PythonProject\\pervye-30\\lib\\mockData.ts","statementMap":{"0":{"start":{"line":20,"column":13},"end":{"line":20,"column":26}},"1":{"start":{"line":18,"column":13},"end":{"line":18,"column":32}},"2":{"start":{"line":16,"column":13},"end":{"line":16,"column":32}},"3":{"start":{"line":21,"column":13},"end":{"line":21,"column":35}},"4":{"start":{"line":23,"column":13},"end":{"line":23,"column":24}},"5":{"start":{"line":346,"column":13},"end":{"line":346,"column":29}},"6":{"start":{"line":349,"column":16},"end":{"line":349,"column":35}},"7":{"start":{"line":208,"column":16},"end":{"line":208,"column":null}},"8":{"start":{"line":16,"column":32},"end":{"line":16,"column":null}},"9":{"start":{"line":18,"column":32},"end":{"line":18,"column":null}},"10":{"start":{"line":20,"column":26},"end":{"line":20,"column":null}},"11":{"start":{"line":21,"column":35},"end":{"line":21,"column":null}},"12":{"start":{"line":23,"column":24},"end":{"line":23,"column":null}},"13":{"start":{"line":25,"column":45},"end":{"line":29,"column":null}},"14":{"start":{"line":31,"column":25},"end":{"line":46,"column":null}},"15":{"start":{"line":48,"column":26},"end":{"line":54,"column":null}},"16":{"start":{"line":57,"column":26},"end":{"line":205,"column":null}},"17":{"start":{"line":153,"column":51},"end":{"line":153,"column":null}},"18":{"start":{"line":170,"column":51},"end":{"line":170,"column":null}},"19":{"start":{"line":195,"column":51},"end":{"line":195,"column":null}},"20":{"start":{"line":209,"column":2},"end":{"line":215,"column":null}},"21":{"start":{"line":209,"column":79},"end":{"line":215,"column":null}},"22":{"start":{"line":214,"column":70},"end":{"line":214,"column":84}},"23":{"start":{"line":219,"column":14},"end":{"line":219,"column":null}},"24":{"start":{"line":220,"column":13},"end":{"line":220,"column":null}},"25":{"start":{"line":220,"column":35},"end":{"line":220,"column":null}},"26":{"start":{"line":221,"column":15},"end":{"line":227,"column":null}},"27":{"start":{"line":222,"column":4},"end":{"line":227,"column":null}},"28":{"start":{"line":222,"column":36},"end":{"line":227,"column":null}},"29":{"start":{"line":229,"column":2},"end":{"line":255,"column":null}},"30":{"start":{"line":259,"column":21},"end":{"line":260,"column":null}},"31":{"start":{"line":260,"column":4},"end":{"line":260,"column":null}},"32":{"start":{"line":262,"column":2},"end":{"line":303,"column":null}},"33":{"start":{"line":307,"column":2},"end":{"line":307,"column":null}},"34":{"start":{"line":311,"column":21},"end":{"line":312,"column":null}},"35":{"start":{"line":312,"column":4},"end":{"line":312,"column":null}},"36":{"start":{"line":314,"column":2},"end":{"line":331,"column":null}},"37":{"start":{"line":335,"column":2},"end":{"line":343,"column":null}},"38":{"start":{"line":346,"column":29},"end":{"line":346,"column":null}},"39":{"start":{"line":350,"column":2},"end":{"line":389,"column":null}},"40":{"start":{"line":353,"column":36},"end":{"line":353,"column":null}},"41":{"start":{"line":354,"column":36},"end":{"line":354,"column":null}}},"fnMap":{"0":{"name":"(anonymous_9)","decl":{"start":{"line":153,"column":40},"end":{"line":153,"column":41}},"loc":{"start":{"line":153,"column":51},"end":{"line":153,"column":null}}},"1":{"name":"(anonymous_10)","decl":{"start":{"line":170,"column":40},"end":{"line":170,"column":41}},"loc":{"start":{"line":170,"column":51},"end":{"line":170,"column":null}}},"2":{"name":"(anonymous_11)","decl":{"start":{"line":195,"column":40},"end":{"line":195,"column":41}},"loc":{"start":{"line":195,"column":51},"end":{"line":195,"column":null}}},"3":{"name":"getProgramTaskTemplates","decl":{"start":{"line":208,"column":16},"end":{"line":208,"column":null}},"loc":{"start":{"line":208,"column":16},"end":{"line":216,"column":null}}},"4":{"name":"(anonymous_13)","decl":{"start":{"line":209,"column":23},"end":{"line":209,"column":24}},"loc":{"start":{"line":209,"column":79},"end":{"line":215,"column":null}}},"5":{"name":"(anonymous_14)","decl":{"start":{"line":214,"column":59},"end":{"line":214,"column":60}},"loc":{"start":{"line":214,"column":70},"end":{"line":214,"column":84}}},"6":{"name":"buildTaskCompletions","decl":{"start":{"line":218,"column":9},"end":{"line":218,"column":null}},"loc":{"start":{"line":218,"column":9},"end":{"line":256,"column":null}}},"7":{"name":"(anonymous_16)","decl":{"start":{"line":220,"column":13},"end":{"line":220,"column":14}},"loc":{"start":{"line":220,"column":35},"end":{"line":220,"column":null}}},"8":{"name":"(anonymous_17)","decl":{"start":{"line":221,"column":15},"end":{"line":221,"column":16}},"loc":{"start":{"line":222,"column":4},"end":{"line":227,"column":null}}},"9":{"name":"(anonymous_18)","decl":{"start":{"line":222,"column":16},"end":{"line":222,"column":17}},"loc":{"start":{"line":222,"column":36},"end":{"line":227,"column":null}}},"10":{"name":"buildMessages","decl":{"start":{"line":258,"column":9},"end":{"line":258,"column":23}},"loc":{"start":{"line":258,"column":32},"end":{"line":304,"column":null}}},"11":{"name":"(anonymous_20)","decl":{"start":{"line":259,"column":21},"end":{"line":259,"column":22}},"loc":{"start":{"line":260,"column":4},"end":{"line":260,"column":null}}},"12":{"name":"buildSignals","decl":{"start":{"line":306,"column":9},"end":{"line":306,"column":22}},"loc":{"start":{"line":306,"column":32},"end":{"line":308,"column":null}}},"13":{"name":"buildDirectMessages","decl":{"start":{"line":310,"column":9},"end":{"line":310,"column":29}},"loc":{"start":{"line":310,"column":38},"end":{"line":332,"column":null}}},"14":{"name":"(anonymous_23)","decl":{"start":{"line":311,"column":21},"end":{"line":311,"column":22}},"loc":{"start":{"line":312,"column":4},"end":{"line":312,"column":null}}},"15":{"name":"buildAnnouncements","decl":{"start":{"line":334,"column":9},"end":{"line":334,"column":28}},"loc":{"start":{"line":334,"column":37},"end":{"line":344,"column":null}}},"16":{"name":"createInitialState","decl":{"start":{"line":349,"column":16},"end":{"line":349,"column":35}},"loc":{"start":{"line":349,"column":57},"end":{"line":390,"column":null}}},"17":{"name":"(anonymous_26)","decl":{"start":{"line":353,"column":25},"end":{"line":353,"column":26}},"loc":{"start":{"line":353,"column":36},"end":{"line":353,"column":null}}},"18":{"name":"(anonymous_27)","decl":{"start":{"line":354,"column":25},"end":{"line":354,"column":26}},"loc":{"start":{"line":354,"column":36},"end":{"line":354,"column":null}}}},"branchMap":{"0":{"loc":{"start":{"line":214,"column":8},"end":{"line":214,"column":90}},"type":"cond-expr","locations":[{"start":{"line":214,"column":24},"end":{"line":214,"column":88}},{"start":{"line":214,"column":88},"end":{"line":214,"column":90}}]},"1":{"loc":{"start":{"line":349,"column":35},"end":{"line":349,"column":57}},"type":"default-arg","locations":[{"start":{"line":349,"column":47},"end":{"line":349,"column":57}}]}},"s":{"0":6,"1":10,"2":7,"3":10,"4":0,"5":0,"6":67,"7":4,"8":6,"9":6,"10":6,"11":6,"12":6,"13":6,"14":6,"15":6,"16":6,"17":18,"18":18,"19":18,"20":4,"21":72,"22":36,"23":67,"24":67,"25":1139,"26":67,"27":268,"28":938,"29":67,"30":67,"31":335,"32":67,"33":67,"34":67,"35":134,"36":67,"37":67,"38":6,"39":67,"40":335,"41":1206},"f":{"0":18,"1":18,"2":18,"3":4,"4":72,"5":36,"6":67,"7":1139,"8":268,"9":938,"10":67,"11":335,"12":67,"13":67,"14":134,"15":67,"16":67,"17":335,"18":1206},"b":{"0":[12,60],"1":[52]}}
,"C:\\Users\\inet\\PycharmProjects\\PythonProject\\pervye-30\\lib\\storage.ts": {"path":"C:\\Users\\inet\\PycharmProjects\\PythonProject\\pervye-30\\lib\\storage.ts","statementMap":{"0":{"start":{"line":5,"column":16},"end":{"line":5,"column":25}},"1":{"start":{"line":6,"column":2},"end":{"line":6,"column":null}}},"fnMap":{"0":{"name":"createId","decl":{"start":{"line":5,"column":16},"end":{"line":5,"column":25}},"loc":{"start":{"line":5,"column":39},"end":{"line":7,"column":null}}}},"branchMap":{},"s":{"0":72,"1":72},"f":{"0":72},"b":{}}
,"C:\\Users\\inet\\PycharmProjects\\PythonProject\\pervye-30\\lib\\utils.ts": {"path":"C:\\Users\\inet\\PycharmProjects\\PythonProject\\pervye-30\\lib\\utils.ts","statementMap":{"0":{"start":{"line":172,"column":16},"end":{"line":172,"column":24}},"1":{"start":{"line":168,"column":16},"end":{"line":168,"column":22}},"2":{"start":{"line":10,"column":16},"end":{"line":10,"column":19}},"3":{"start":{"line":46,"column":16},"end":{"line":46,"column":28}},"4":{"start":{"line":78,"column":16},"end":{"line":78,"column":34}},"5":{"start":{"line":122,"column":16},"end":{"line":122,"column":35}},"6":{"start":{"line":41,"column":16},"end":{"line":41,"column":28}},"7":{"start":{"line":117,"column":16},"end":{"line":117,"column":27}},"8":{"start":{"line":88,"column":16},"end":{"line":88,"column":null}},"9":{"start":{"line":107,"column":16},"end":{"line":107,"column":41}},"10":{"start":{"line":102,"column":16},"end":{"line":102,"column":40}},"11":{"start":{"line":153,"column":16},"end":{"line":153,"column":31}},"12":{"start":{"line":51,"column":16},"end":{"line":51,"column":26}},"13":{"start":{"line":158,"column":16},"end":{"line":158,"column":26}},"14":{"start":{"line":63,"column":16},"end":{"line":63,"column":null}},"15":{"start":{"line":140,"column":16},"end":{"line":140,"column":25}},"16":{"start":{"line":55,"column":16},"end":{"line":55,"column":29}},"17":{"start":{"line":14,"column":26},"end":{"line":14,"column":28}},"18":{"start":{"line":16,"column":15},"end":{"line":34,"column":null}},"19":{"start":{"line":17,"column":4},"end":{"line":17,"column":null}},"20":{"start":{"line":17,"column":16},"end":{"line":17,"column":null}},"21":{"start":{"line":19,"column":4},"end":{"line":22,"column":null}},"22":{"start":{"line":20,"column":6},"end":{"line":20,"column":null}},"23":{"start":{"line":21,"column":6},"end":{"line":21,"column":null}},"24":{"start":{"line":24,"column":4},"end":{"line":27,"column":null}},"25":{"start":{"line":25,"column":6},"end":{"line":25,"column":null}},"26":{"start":{"line":25,"column":30},"end":{"line":25,"column":null}},"27":{"start":{"line":26,"column":6},"end":{"line":26,"column":null}},"28":{"start":{"line":29,"column":4},"end":{"line":33,"column":null}},"29":{"start":{"line":30,"column":6},"end":{"line":32,"column":null}},"30":{"start":{"line":31,"column":8},"end":{"line":31,"column":null}},"31":{"start":{"line":31,"column":21},"end":{"line":31,"column":null}},"32":{"start":{"line":36,"column":2},"end":{"line":36,"column":null}},"33":{"start":{"line":36,"column":27},"end":{"line":36,"column":null}},"34":{"start":{"line":37,"column":2},"end":{"line":37,"column":null}},"35":{"start":{"line":42,"column":2},"end":{"line":42,"column":null}},"36":{"start":{"line":42,"column":14},"end":{"line":42,"column":null}},"37":{"start":{"line":43,"column":2},"end":{"line":43,"column":null}},"38":{"start":{"line":47,"column":18},"end":{"line":47,"column":null}},"39":{"start":{"line":48,"column":2},"end":{"line":48,"column":null}},"40":{"start":{"line":52,"column":2},"end":{"line":52,"column":null}},"41":{"start":{"line":56,"column":15},"end":{"line":56,"column":null}},"42":{"start":{"line":57,"column":16},"end":{"line":57,"column":null}},"43":{"start":{"line":58,"column":14},"end":{"line":58,"column":null}},"44":{"start":{"line":59,"column":2},"end":{"line":59,"column":null}},"45":{"start":{"line":68,"column":30},"end":{"line":68,"column":null}},"46":{"start":{"line":69,"column":2},"end":{"line":69,"column":null}},"47":{"start":{"line":69,"column":32},"end":{"line":69,"column":null}},"48":{"start":{"line":71,"column":16},"end":{"line":71,"column":null}},"49":{"start":{"line":72,"column":16},"end":{"line":72,"column":null}},"50":{"start":{"line":73,"column":15},"end":{"line":73,"column":null}},"51":{"start":{"line":74,"column":2},"end":{"line":74,"column":null}},"52":{"start":{"line":79,"column":2},"end":{"line":79,"column":null}},"53":{"start":{"line":79,"column":55},"end":{"line":79,"column":null}},"54":{"start":{"line":81,"column":30},"end":{"line":81,"column":null}},"55":{"start":{"line":82,"column":2},"end":{"line":82,"column":null}},"56":{"start":{"line":82,"column":32},"end":{"line":82,"column":null}},"57":{"start":{"line":84,"column":16},"end":{"line":84,"column":null}},"58":{"start":{"line":85,"column":2},"end":{"line":85,"column":null}},"59":{"start":{"line":93,"column":15},"end":{"line":93,"column":null}},"60":{"start":{"line":94,"column":13},"end":{"line":94,"column":null}},"61":{"start":{"line":95,"column":2},"end":{"line":95,"column":null}},"62":{"start":{"line":95,"column":20},"end":{"line":95,"column":null}},"63":{"start":{"line":96,"column":2},"end":{"line":96,"column":null}},"64":{"start":{"line":99,"column":35},"end":{"line":99,"column":null}},"65":{"start":{"line":103,"column":2},"end":{"line":103,"column":null}},"66":{"start":{"line":108,"column":2},"end":{"line":108,"column":null}},"67":{"start":{"line":108,"column":18},"end":{"line":108,"column":null}},"68":{"start":{"line":110,"column":30},"end":{"line":110,"column":null}},"69":{"start":{"line":111,"column":2},"end":{"line":111,"column":null}},"70":{"start":{"line":111,"column":32},"end":{"line":111,"column":null}},"71":{"start":{"line":113,"column":18},"end":{"line":113,"column":null}},"72":{"start":{"line":114,"column":2},"end":{"line":114,"column":null}},"73":{"start":{"line":118,"column":15},"end":{"line":118,"column":null}},"74":{"start":{"line":119,"column":2},"end":{"line":119,"column":null}},"75":{"start":{"line":123,"column":22},"end":{"line":123,"column":null}},"76":{"start":{"line":125,"column":2},"end":{"line":125,"column":null}},"77":{"start":{"line":125,"column":23},"end":{"line":125,"column":null}},"78":{"start":{"line":126,"column":2},"end":{"line":126,"column":null}},"79":{"start":{"line":126,"column":24},"end":{"line":126,"column":null}},"80":{"start":{"line":128,"column":16},"end":{"line":128,"column":null}},"81":{"start":{"line":129,"column":2},"end":{"line":129,"column":null}},"82":{"start":{"line":129,"column":18},"end":{"line":129,"column":null}},"83":{"start":{"line":131,"column":15},"end":{"line":131,"column":null}},"84":{"start":{"line":132,"column":2},"end":{"line":132,"column":null}},"85":{"start":{"line":132,"column":18},"end":{"line":132,"column":null}},"86":{"start":{"line":133,"column":2},"end":{"line":133,"column":null}},"87":{"start":{"line":141,"column":16},"end":{"line":141,"column":null}},"88":{"start":{"line":142,"column":2},"end":{"line":142,"column":null}},"89":{"start":{"line":142,"column":14},"end":{"line":142,"column":null}},"90":{"start":{"line":144,"column":2},"end":{"line":144,"column":null}},"91":{"start":{"line":144,"column":25},"end":{"line":144,"column":null}},"92":{"start":{"line":145,"column":2},"end":{"line":145,"column":null}},"93":{"start":{"line":145,"column":27},"end":{"line":145,"column":null}},"94":{"start":{"line":146,"column":2},"end":{"line":146,"column":null}},"95":{"start":{"line":146,"column":27},"end":{"line":146,"column":null}},"96":{"start":{"line":147,"column":2},"end":{"line":147,"column":null}},"97":{"start":{"line":147,"column":46},"end":{"line":147,"column":null}},"98":{"start":{"line":149,"column":2},"end":{"line":149,"column":null}},"99":{"start":{"line":154,"column":2},"end":{"line":154,"column":null}},"100":{"start":{"line":159,"column":16},"end":{"line":159,"column":null}},"101":{"start":{"line":160,"column":17},"end":{"line":160,"column":null}},"102":{"start":{"line":162,"column":2},"end":{"line":162,"column":null}},"103":{"start":{"line":162,"column":36},"end":{"line":162,"column":null}},"104":{"start":{"line":163,"column":2},"end":{"line":163,"column":null}},"105":{"start":{"line":163,"column":19},"end":{"line":163,"column":null}},"106":{"start":{"line":164,"column":2},"end":{"line":164,"column":null}},"107":{"start":{"line":164,"column":32},"end":{"line":164,"column":null}},"108":{"start":{"line":165,"column":2},"end":{"line":165,"column":null}},"109":{"start":{"line":169,"column":2},"end":{"line":169,"column":null}},"110":{"start":{"line":173,"column":2},"end":{"line":173,"column":null}},"111":{"start":{"line":173,"column":27},"end":{"line":173,"column":null}},"112":{"start":{"line":174,"column":14},"end":{"line":174,"column":null}},"113":{"start":{"line":174,"column":44},"end":{"line":174,"column":57}},"114":{"start":{"line":175,"column":2},"end":{"line":175,"column":null}}},"fnMap":{"0":{"name":"cn","decl":{"start":{"line":10,"column":16},"end":{"line":10,"column":19}},"loc":{"start":{"line":10,"column":42},"end":{"line":38,"column":null}}},"1":{"name":"(anonymous_19)","decl":{"start":{"line":16,"column":15},"end":{"line":16,"column":16}},"loc":{"start":{"line":16,"column":16},"end":{"line":34,"column":null}}},"2":{"name":"(anonymous_20)","decl":{"start":{"line":25,"column":20},"end":{"line":25,"column":21}},"loc":{"start":{"line":25,"column":30},"end":{"line":25,"column":null}}},"3":{"name":"(anonymous_21)","decl":{"start":{"line":36,"column":17},"end":{"line":36,"column":18}},"loc":{"start":{"line":36,"column":27},"end":{"line":36,"column":null}}},"4":{"name":"formatScore","decl":{"start":{"line":41,"column":16},"end":{"line":41,"column":28}},"loc":{"start":{"line":41,"column":41},"end":{"line":44,"column":null}}},"5":{"name":"formatDelta","decl":{"start":{"line":46,"column":16},"end":{"line":46,"column":28}},"loc":{"start":{"line":46,"column":41},"end":{"line":49,"column":null}}},"6":{"name":"isIsoDate","decl":{"start":{"line":51,"column":16},"end":{"line":51,"column":26}},"loc":{"start":{"line":51,"column":39},"end":{"line":53,"column":null}}},"7":{"name":"todayIsoDate","decl":{"start":{"line":55,"column":16},"end":{"line":55,"column":29}},"loc":{"start":{"line":55,"column":45},"end":{"line":60,"column":null}}},"8":{"name":"programDayFromStartDate","decl":{"start":{"line":63,"column":16},"end":{"line":63,"column":null}},"loc":{"start":{"line":66,"column":18},"end":{"line":75,"column":null}}},"9":{"name":"formatProgramDate","decl":{"start":{"line":78,"column":16},"end":{"line":78,"column":34}},"loc":{"start":{"line":78,"column":76},"end":{"line":86,"column":null}}},"10":{"name":"formatWeekRange","decl":{"start":{"line":88,"column":16},"end":{"line":88,"column":null}},"loc":{"start":{"line":91,"column":16},"end":{"line":97,"column":null}}},"11":{"name":"getProgramWeekdayLabels","decl":{"start":{"line":102,"column":16},"end":{"line":102,"column":40}},"loc":{"start":{"line":102,"column":59},"end":{"line":104,"column":null}}},"12":{"name":"getProgramCalendarOffset","decl":{"start":{"line":107,"column":16},"end":{"line":107,"column":41}},"loc":{"start":{"line":107,"column":59},"end":{"line":115,"column":null}}},"13":{"name":"formatTime","decl":{"start":{"line":117,"column":16},"end":{"line":117,"column":27}},"loc":{"start":{"line":117,"column":38},"end":{"line":120,"column":null}}},"14":{"name":"formatRelativeTime","decl":{"start":{"line":122,"column":16},"end":{"line":122,"column":35}},"loc":{"start":{"line":122,"column":46},"end":{"line":134,"column":null}}},"15":{"name":"toDative","decl":{"start":{"line":140,"column":16},"end":{"line":140,"column":25}},"loc":{"start":{"line":140,"column":37},"end":{"line":150,"column":null}}},"16":{"name":"isFeminineName","decl":{"start":{"line":153,"column":16},"end":{"line":153,"column":31}},"loc":{"start":{"line":153,"column":43},"end":{"line":155,"column":null}}},"17":{"name":"pluralize","decl":{"start":{"line":158,"column":16},"end":{"line":158,"column":26}},"loc":{"start":{"line":158,"column":79},"end":{"line":166,"column":null}}},"18":{"name":"clamp","decl":{"start":{"line":168,"column":16},"end":{"line":168,"column":22}},"loc":{"start":{"line":168,"column":61},"end":{"line":170,"column":null}}},"19":{"name":"average","decl":{"start":{"line":172,"column":16},"end":{"line":172,"column":24}},"loc":{"start":{"line":172,"column":40},"end":{"line":176,"column":null}}},"20":{"name":"(anonymous_38)","decl":{"start":{"line":174,"column":28},"end":{"line":174,"column":29}},"loc":{"start":{"line":174,"column":44},"end":{"line":174,"column":57}}}},"branchMap":{"0":{"loc":{"start":{"line":17,"column":4},"end":{"line":17,"column":null}},"type":"if","locations":[{"start":{"line":17,"column":4},"end":{"line":17,"column":null}}]},"1":{"loc":{"start":{"line":19,"column":4},"end":{"line":22,"column":null}},"type":"if","locations":[{"start":{"line":19,"column":4},"end":{"line":22,"column":null}}]},"2":{"loc":{"start":{"line":19,"column":8},"end":{"line":19,"column":64}},"type":"binary-expr","locations":[{"start":{"line":19,"column":8},"end":{"line":19,"column":37}},{"start":{"line":19,"column":37},"end":{"line":19,"column":64}}]},"3":{"loc":{"start":{"line":24,"column":4},"end":{"line":27,"column":null}},"type":"if","locations":[{"start":{"line":24,"column":4},"end":{"line":27,"column":null}}]},"4":{"loc":{"start":{"line":29,"column":4},"end":{"line":33,"column":null}},"type":"if","locations":[{"start":{"line":29,"column":4},"end":{"line":33,"column":null}}]},"5":{"loc":{"start":{"line":31,"column":8},"end":{"line":31,"column":null}},"type":"if","locations":[{"start":{"line":31,"column":8},"end":{"line":31,"column":null}}]},"6":{"loc":{"start":{"line":42,"column":2},"end":{"line":42,"column":null}},"type":"if","locations":[{"start":{"line":42,"column":2},"end":{"line":42,"column":null}}]},"7":{"loc":{"start":{"line":43,"column":9},"end":{"line":43,"column":null}},"type":"cond-expr","locations":[{"start":{"line":43,"column":35},"end":{"line":43,"column":51}},{"start":{"line":43,"column":51},"end":{"line":43,"column":null}}]},"8":{"loc":{"start":{"line":48,"column":12},"end":{"line":48,"column":37}},"type":"cond-expr","locations":[{"start":{"line":48,"column":26},"end":{"line":48,"column":32}},{"start":{"line":48,"column":32},"end":{"line":48,"column":37}}]},"9":{"loc":{"start":{"line":55,"column":29},"end":{"line":55,"column":45}},"type":"default-arg","locations":[{"start":{"line":55,"column":35},"end":{"line":55,"column":45}}]},"10":{"loc":{"start":{"line":66,"column":2},"end":{"line":66,"column":18}},"type":"default-arg","locations":[{"start":{"line":66,"column":8},"end":{"line":66,"column":18}}]},"11":{"loc":{"start":{"line":69,"column":2},"end":{"line":69,"column":null}},"type":"if","locations":[{"start":{"line":69,"column":2},"end":{"line":69,"column":null}}]},"12":{"loc":{"start":{"line":69,"column":6},"end":{"line":69,"column":32}},"type":"binary-expr","locations":[{"start":{"line":69,"column":6},"end":{"line":69,"column":15}},{"start":{"line":69,"column":15},"end":{"line":69,"column":25}},{"start":{"line":69,"column":25},"end":{"line":69,"column":32}}]},"13":{"loc":{"start":{"line":79,"column":2},"end":{"line":79,"column":null}},"type":"if","locations":[{"start":{"line":79,"column":2},"end":{"line":79,"column":null}}]},"14":{"loc":{"start":{"line":79,"column":6},"end":{"line":79,"column":55}},"type":"binary-expr","locations":[{"start":{"line":79,"column":6},"end":{"line":79,"column":20}},{"start":{"line":79,"column":20},"end":{"line":79,"column":46}},{"start":{"line":79,"column":46},"end":{"line":79,"column":55}}]},"15":{"loc":{"start":{"line":82,"column":2},"end":{"line":82,"column":null}},"type":"if","locations":[{"start":{"line":82,"column":2},"end":{"line":82,"column":null}}]},"16":{"loc":{"start":{"line":82,"column":6},"end":{"line":82,"column":32}},"type":"binary-expr","locations":[{"start":{"line":82,"column":6},"end":{"line":82,"column":15}},{"start":{"line":82,"column":15},"end":{"line":82,"column":25}},{"start":{"line":82,"column":25},"end":{"line":82,"column":32}}]},"17":{"loc":{"start":{"line":95,"column":2},"end":{"line":95,"column":null}},"type":"if","locations":[{"start":{"line":95,"column":2},"end":{"line":95,"column":null}}]},"18":{"loc":{"start":{"line":95,"column":6},"end":{"line":95,"column":20}},"type":"binary-expr","locations":[{"start":{"line":95,"column":6},"end":{"line":95,"column":15}},{"start":{"line":95,"column":15},"end":{"line":95,"column":20}}]},"19":{"loc":{"start":{"line":108,"column":2},"end":{"line":108,"column":null}},"type":"if","locations":[{"start":{"line":108,"column":2},"end":{"line":108,"column":null}}]},"20":{"loc":{"start":{"line":111,"column":2},"end":{"line":111,"column":null}},"type":"if","locations":[{"start":{"line":111,"column":2},"end":{"line":111,"column":null}}]},"21":{"loc":{"start":{"line":111,"column":6},"end":{"line":111,"column":32}},"type":"binary-expr","locations":[{"start":{"line":111,"column":6},"end":{"line":111,"column":15}},{"start":{"line":111,"column":15},"end":{"line":111,"column":25}},{"start":{"line":111,"column":25},"end":{"line":111,"column":32}}]},"22":{"loc":{"start":{"line":114,"column":9},"end":{"line":114,"column":null}},"type":"cond-expr","locations":[{"start":{"line":114,"column":25},"end":{"line":114,"column":29}},{"start":{"line":114,"column":29},"end":{"line":114,"column":null}}]},"23":{"loc":{"start":{"line":125,"column":2},"end":{"line":125,"column":null}},"type":"if","locations":[{"start":{"line":125,"column":2},"end":{"line":125,"column":null}}]},"24":{"loc":{"start":{"line":126,"column":2},"end":{"line":126,"column":null}},"type":"if","locations":[{"start":{"line":126,"column":2},"end":{"line":126,"column":null}}]},"25":{"loc":{"start":{"line":129,"column":2},"end":{"line":129,"column":null}},"type":"if","locations":[{"start":{"line":129,"column":2},"end":{"line":129,"column":null}}]},"26":{"loc":{"start":{"line":132,"column":2},"end":{"line":132,"column":null}},"type":"if","locations":[{"start":{"line":132,"column":2},"end":{"line":132,"column":null}}]},"27":{"loc":{"start":{"line":142,"column":2},"end":{"line":142,"column":null}},"type":"if","locations":[{"start":{"line":142,"column":2},"end":{"line":142,"column":null}}]},"28":{"loc":{"start":{"line":144,"column":2},"end":{"line":144,"column":null}},"type":"if","locations":[{"start":{"line":144,"column":2},"end":{"line":144,"column":null}}]},"29":{"loc":{"start":{"line":145,"column":2},"end":{"line":145,"column":null}},"type":"if","locations":[{"start":{"line":145,"column":2},"end":{"line":145,"column":null}}]},"30":{"loc":{"start":{"line":146,"column":2},"end":{"line":146,"column":null}},"type":"if","locations":[{"start":{"line":146,"column":2},"end":{"line":146,"column":null}}]},"31":{"loc":{"start":{"line":147,"column":2},"end":{"line":147,"column":null}},"type":"if","locations":[{"start":{"line":147,"column":2},"end":{"line":147,"column":null}}]},"32":{"loc":{"start":{"line":162,"column":2},"end":{"line":162,"column":null}},"type":"if","locations":[{"start":{"line":162,"column":2},"end":{"line":162,"column":null}}]},"33":{"loc":{"start":{"line":162,"column":6},"end":{"line":162,"column":36}},"type":"binary-expr","locations":[{"start":{"line":162,"column":6},"end":{"line":162,"column":22}},{"start":{"line":162,"column":22},"end":{"line":162,"column":36}}]},"34":{"loc":{"start":{"line":163,"column":2},"end":{"line":163,"column":null}},"type":"if","locations":[{"start":{"line":163,"column":2},"end":{"line":163,"column":null}}]},"35":{"loc":{"start":{"line":164,"column":2},"end":{"line":164,"column":null}},"type":"if","locations":[{"start":{"line":164,"column":2},"end":{"line":164,"column":null}}]},"36":{"loc":{"start":{"line":164,"column":6},"end":{"line":164,"column":32}},"type":"binary-expr","locations":[{"start":{"line":164,"column":6},"end":{"line":164,"column":20}},{"start":{"line":164,"column":20},"end":{"line":164,"column":32}}]},"37":{"loc":{"start":{"line":173,"column":2},"end":{"line":173,"column":null}},"type":"if","locations":[{"start":{"line":173,"column":2},"end":{"line":173,"column":null}}]}},"s":{"0":4,"1":3,"2":22,"3":3,"4":0,"5":5,"6":3,"7":1,"8":0,"9":3,"10":2,"11":3,"12":2,"13":7,"14":7,"15":6,"16":2,"17":22,"18":22,"19":55,"20":13,"21":42,"22":40,"23":40,"24":2,"25":1,"26":2,"27":1,"28":1,"29":1,"30":2,"31":1,"32":22,"33":53,"34":22,"35":3,"36":1,"37":2,"38":3,"39":3,"40":2,"41":2,"42":2,"43":2,"44":2,"45":7,"46":7,"47":0,"48":7,"49":7,"50":7,"51":7,"52":0,"53":0,"54":0,"55":0,"56":0,"57":0,"58":0,"59":0,"60":0,"61":0,"62":0,"63":0,"64":6,"65":2,"66":3,"67":1,"68":2,"69":2,"70":0,"71":2,"72":2,"73":1,"74":1,"75":5,"76":5,"77":1,"78":4,"79":1,"80":3,"81":3,"82":1,"83":2,"84":2,"85":1,"86":1,"87":6,"88":6,"89":1,"90":5,"91":1,"92":4,"93":2,"94":2,"95":1,"96":1,"97":1,"98":0,"99":3,"100":7,"101":7,"102":7,"103":1,"104":6,"105":2,"106":4,"107":2,"108":2,"109":3,"110":4,"111":1,"112":3,"113":8,"114":3},"f":{"0":22,"1":55,"2":2,"3":53,"4":3,"5":3,"6":2,"7":2,"8":7,"9":0,"10":0,"11":2,"12":3,"13":1,"14":5,"15":6,"16":3,"17":7,"18":3,"19":4,"20":8},"b":{"0":[13],"1":[40],"2":[42,2],"3":[1],"4":[1],"5":[1],"6":[1],"7":[1,1],"8":[1,2],"9":[2],"10":[4],"11":[0],"12":[7,7,7],"13":[0],"14":[0,0,0],"15":[0],"16":[0,0,0],"17":[0],"18":[0,0],"19":[1],"20":[0],"21":[2,2,2],"22":[0,2],"23":[1],"24":[1],"25":[1],"26":[1],"27":[1],"28":[1],"29":[2],"30":[1],"31":[1],"32":[1],"33":[7,2],"34":[2],"35":[2],"36":[4,3],"37":[1]}}
,"C:\\Users\\inet\\PycharmProjects\\PythonProject\\pervye-30\\lib\\services\\accountService.ts": {"path":"C:\\Users\\inet\\PycharmProjects\\PythonProject\\pervye-30\\lib\\services\\accountService.ts","statementMap":{"0":{"start":{"line":48,"column":16},"end":{"line":48,"column":36}},"1":{"start":{"line":5,"column":16},"end":{"line":5,"column":30}},"2":{"start":{"line":1,"column":16},"end":{"line":1,"column":29}},"3":{"start":{"line":15,"column":16},"end":{"line":15,"column":30}},"4":{"start":{"line":9,"column":16},"end":{"line":9,"column":29}},"5":{"start":{"line":22,"column":16},"end":{"line":22,"column":33}},"6":{"start":{"line":29,"column":16},"end":{"line":29,"column":40}},"7":{"start":{"line":2,"column":2},"end":{"line":2,"column":null}},"8":{"start":{"line":6,"column":2},"end":{"line":6,"column":null}},"9":{"start":{"line":10,"column":2},"end":{"line":10,"column":null}},"10":{"start":{"line":10,"column":30},"end":{"line":10,"column":null}},"11":{"start":{"line":11,"column":2},"end":{"line":11,"column":null}},"12":{"start":{"line":11,"column":46},"end":{"line":11,"column":null}},"13":{"start":{"line":12,"column":2},"end":{"line":12,"column":null}},"14":{"start":{"line":16,"column":2},"end":{"line":18,"column":null}},"15":{"start":{"line":17,"column":4},"end":{"line":17,"column":null}},"16":{"start":{"line":19,"column":2},"end":{"line":19,"column":null}},"17":{"start":{"line":23,"column":2},"end":{"line":25,"column":null}},"18":{"start":{"line":24,"column":4},"end":{"line":24,"column":null}},"19":{"start":{"line":26,"column":2},"end":{"line":26,"column":null}},"20":{"start":{"line":30,"column":2},"end":{"line":30,"column":null}},"21":{"start":{"line":30,"column":28},"end":{"line":30,"column":null}},"22":{"start":{"line":31,"column":2},"end":{"line":31,"column":null}},"23":{"start":{"line":35,"column":2},"end":{"line":35,"column":null}},"24":{"start":{"line":35,"column":33},"end":{"line":35,"column":null}},"25":{"start":{"line":36,"column":2},"end":{"line":36,"column":null}},"26":{"start":{"line":36,"column":30},"end":{"line":36,"column":null}},"27":{"start":{"line":38,"column":2},"end":{"line":43,"column":null}},"28":{"start":{"line":39,"column":17},"end":{"line":39,"column":null}},"29":{"start":{"line":40,"column":4},"end":{"line":42,"column":null}},"30":{"start":{"line":41,"column":40},"end":{"line":41,"column":null}},"31":{"start":{"line":45,"column":2},"end":{"line":45,"column":null}},"32":{"start":{"line":49,"column":14},"end":{"line":49,"column":null}},"33":{"start":{"line":51,"column":2},"end":{"line":51,"column":null}},"34":{"start":{"line":51,"column":35},"end":{"line":51,"column":null}},"35":{"start":{"line":52,"column":2},"end":{"line":52,"column":null}},"36":{"start":{"line":52,"column":37},"end":{"line":52,"column":null}},"37":{"start":{"line":53,"column":2},"end":{"line":53,"column":null}},"38":{"start":{"line":53,"column":40},"end":{"line":53,"column":null}},"39":{"start":{"line":54,"column":2},"end":{"line":54,"column":null}},"40":{"start":{"line":54,"column":36},"end":{"line":54,"column":null}},"41":{"start":{"line":55,"column":2},"end":{"line":55,"column":null}},"42":{"start":{"line":55,"column":39},"end":{"line":55,"column":null}},"43":{"start":{"line":56,"column":2},"end":{"line":56,"column":null}},"44":{"start":{"line":56,"column":41},"end":{"line":56,"column":null}},"45":{"start":{"line":57,"column":2},"end":{"line":57,"column":null}},"46":{"start":{"line":57,"column":38},"end":{"line":57,"column":null}},"47":{"start":{"line":58,"column":2},"end":{"line":58,"column":null}},"48":{"start":{"line":58,"column":41},"end":{"line":58,"column":null}},"49":{"start":{"line":59,"column":2},"end":{"line":59,"column":null}},"50":{"start":{"line":59,"column":40},"end":{"line":59,"column":null}},"51":{"start":{"line":60,"column":2},"end":{"line":60,"column":null}},"52":{"start":{"line":60,"column":38},"end":{"line":60,"column":null}},"53":{"start":{"line":61,"column":2},"end":{"line":61,"column":null}},"54":{"start":{"line":61,"column":38},"end":{"line":61,"column":null}},"55":{"start":{"line":62,"column":2},"end":{"line":62,"column":null}},"56":{"start":{"line":62,"column":36},"end":{"line":62,"column":null}},"57":{"start":{"line":63,"column":2},"end":{"line":63,"column":null}},"58":{"start":{"line":63,"column":41},"end":{"line":63,"column":null}},"59":{"start":{"line":65,"column":2},"end":{"line":65,"column":null}}},"fnMap":{"0":{"name":"sanitizeName","decl":{"start":{"line":1,"column":16},"end":{"line":1,"column":29}},"loc":{"start":{"line":1,"column":42},"end":{"line":3,"column":null}}},"1":{"name":"sanitizeLogin","decl":{"start":{"line":5,"column":16},"end":{"line":5,"column":30}},"loc":{"start":{"line":5,"column":43},"end":{"line":7,"column":null}}},"2":{"name":"validateName","decl":{"start":{"line":9,"column":16},"end":{"line":9,"column":29}},"loc":{"start":{"line":9,"column":41},"end":{"line":13,"column":null}}},"3":{"name":"validateLogin","decl":{"start":{"line":15,"column":16},"end":{"line":15,"column":30}},"loc":{"start":{"line":15,"column":43},"end":{"line":20,"column":null}}},"4":{"name":"validatePassword","decl":{"start":{"line":22,"column":16},"end":{"line":22,"column":33}},"loc":{"start":{"line":22,"column":49},"end":{"line":27,"column":null}}},"5":{"name":"validatePasswordConfirm","decl":{"start":{"line":29,"column":16},"end":{"line":29,"column":40}},"loc":{"start":{"line":29,"column":73},"end":{"line":32,"column":null}}},"6":{"name":"errorText","decl":{"start":{"line":34,"column":9},"end":{"line":34,"column":19}},"loc":{"start":{"line":34,"column":33},"end":{"line":46,"column":null}}},"7":{"name":"(anonymous_15)","decl":{"start":{"line":41,"column":14},"end":{"line":41,"column":15}},"loc":{"start":{"line":41,"column":40},"end":{"line":41,"column":null}}},"8":{"name":"accountErrorMessage","decl":{"start":{"line":48,"column":16},"end":{"line":48,"column":36}},"loc":{"start":{"line":48,"column":50},"end":{"line":66,"column":null}}}},"branchMap":{"0":{"loc":{"start":{"line":10,"column":2},"end":{"line":10,"column":null}},"type":"if","locations":[{"start":{"line":10,"column":2},"end":{"line":10,"column":null}}]},"1":{"loc":{"start":{"line":11,"column":2},"end":{"line":11,"column":null}},"type":"if","locations":[{"start":{"line":11,"column":2},"end":{"line":11,"column":null}}]},"2":{"loc":{"start":{"line":16,"column":2},"end":{"line":18,"column":null}},"type":"if","locations":[{"start":{"line":16,"column":2},"end":{"line":18,"column":null}}]},"3":{"loc":{"start":{"line":23,"column":2},"end":{"line":25,"column":null}},"type":"if","locations":[{"start":{"line":23,"column":2},"end":{"line":25,"column":null}}]},"4":{"loc":{"start":{"line":23,"column":6},"end":{"line":23,"column":51}},"type":"binary-expr","locations":[{"start":{"line":23,"column":6},"end":{"line":23,"column":29}},{"start":{"line":23,"column":29},"end":{"line":23,"column":51}}]},"5":{"loc":{"start":{"line":30,"column":2},"end":{"line":30,"column":null}},"type":"if","locations":[{"start":{"line":30,"column":2},"end":{"line":30,"column":null}}]},"6":{"loc":{"start":{"line":35,"column":2},"end":{"line":35,"column":null}},"type":"if","locations":[{"start":{"line":35,"column":2},"end":{"line":35,"column":null}}]},"7":{"loc":{"start":{"line":36,"column":2},"end":{"line":36,"column":null}},"type":"if","locations":[{"start":{"line":36,"column":2},"end":{"line":36,"column":null}}]},"8":{"loc":{"start":{"line":38,"column":2},"end":{"line":43,"column":null}},"type":"if","locations":[{"start":{"line":38,"column":2},"end":{"line":43,"column":null}}]},"9":{"loc":{"start":{"line":38,"column":6},"end":{"line":38,"column":42}},"type":"binary-expr","locations":[{"start":{"line":38,"column":6},"end":{"line":38,"column":15}},{"start":{"line":38,"column":15},"end":{"line":38,"column":42}}]},"10":{"loc":{"start":{"line":41,"column":40},"end":{"line":41,"column":null}},"type":"binary-expr","locations":[{"start":{"line":41,"column":40},"end":{"line":41,"column":68}},{"start":{"line":41,"column":68},"end":{"line":41,"column":null}}]},"11":{"loc":{"start":{"line":51,"column":2},"end":{"line":51,"column":null}},"type":"if","locations":[{"start":{"line":51,"column":2},"end":{"line":51,"column":null}}]},"12":{"loc":{"start":{"line":52,"column":2},"end":{"line":52,"column":null}},"type":"if","locations":[{"start":{"line":52,"column":2},"end":{"line":52,"column":null}}]},"13":{"loc":{"start":{"line":53,"column":2},"end":{"line":53,"column":null}},"type":"if","locations":[{"start":{"line":53,"column":2},"end":{"line":53,"column":null}}]},"14":{"loc":{"start":{"line":54,"column":2},"end":{"line":54,"column":null}},"type":"if","locations":[{"start":{"line":54,"column":2},"end":{"line":54,"column":null}}]},"15":{"loc":{"start":{"line":55,"column":2},"end":{"line":55,"column":null}},"type":"if","locations":[{"start":{"line":55,"column":2},"end":{"line":55,"column":null}}]},"16":{"loc":{"start":{"line":56,"column":2},"end":{"line":56,"column":null}},"type":"if","locations":[{"start":{"line":56,"column":2},"end":{"line":56,"column":null}}]},"17":{"loc":{"start":{"line":57,"column":2},"end":{"line":57,"column":null}},"type":"if","locations":[{"start":{"line":57,"column":2},"end":{"line":57,"column":null}}]},"18":{"loc":{"start":{"line":58,"column":2},"end":{"line":58,"column":null}},"type":"if","locations":[{"start":{"line":58,"column":2},"end":{"line":58,"column":null}}]},"19":{"loc":{"start":{"line":59,"column":2},"end":{"line":59,"column":null}},"type":"if","locations":[{"start":{"line":59,"column":2},"end":{"line":59,"column":null}}]},"20":{"loc":{"start":{"line":60,"column":2},"end":{"line":60,"column":null}},"type":"if","locations":[{"start":{"line":60,"column":2},"end":{"line":60,"column":null}}]},"21":{"loc":{"start":{"line":61,"column":2},"end":{"line":61,"column":null}},"type":"if","locations":[{"start":{"line":61,"column":2},"end":{"line":61,"column":null}}]},"22":{"loc":{"start":{"line":62,"column":2},"end":{"line":62,"column":null}},"type":"if","locations":[{"start":{"line":62,"column":2},"end":{"line":62,"column":null}}]},"23":{"loc":{"start":{"line":63,"column":2},"end":{"line":63,"column":null}},"type":"if","locations":[{"start":{"line":63,"column":2},"end":{"line":63,"column":null}}]},"24":{"loc":{"start":{"line":63,"column":6},"end":{"line":63,"column":41}},"type":"binary-expr","locations":[{"start":{"line":63,"column":6},"end":{"line":63,"column":14}},{"start":{"line":63,"column":14},"end":{"line":63,"column":41}}]}},"s":{"0":6,"1":2,"2":1,"3":2,"4":2,"5":2,"6":2,"7":1,"8":2,"9":2,"10":1,"11":1,"12":0,"13":1,"14":2,"15":1,"16":1,"17":2,"18":1,"19":1,"20":2,"21":1,"22":1,"23":6,"24":0,"25":6,"26":4,"27":2,"28":2,"29":2,"30":6,"31":0,"32":6,"33":6,"34":1,"35":5,"36":0,"37":5,"38":0,"39":5,"40":0,"41":5,"42":2,"43":3,"44":1,"45":2,"46":1,"47":1,"48":0,"49":1,"50":0,"51":1,"52":0,"53":1,"54":0,"55":1,"56":0,"57":1,"58":1,"59":0},"f":{"0":1,"1":2,"2":2,"3":2,"4":2,"5":2,"6":6,"7":6,"8":6},"b":{"0":[1],"1":[0],"2":[1],"3":[1],"4":[2,1],"5":[1],"6":[0],"7":[4],"8":[2],"9":[2,2],"10":[6,1],"11":[1],"12":[0],"13":[0],"14":[0],"15":[2],"16":[1],"17":[1],"18":[0],"19":[0],"20":[0],"21":[0],"22":[0],"23":[1],"24":[1,0]}}
,"C:\\Users\\inet\\PycharmProjects\\PythonProject\\pervye-30\\lib\\services\\groupService.ts": {"path":"C:\\Users\\inet\\PycharmProjects\\PythonProject\\pervye-30\\lib\\services\\groupService.ts","statementMap":{"0":{"start":{"line":224,"column":16},"end":{"line":224,"column":29}},"1":{"start":{"line":31,"column":16},"end":{"line":31,"column":28}},"2":{"start":{"line":57,"column":16},"end":{"line":57,"column":27}},"3":{"start":{"line":295,"column":13},"end":{"line":295,"column":51}},"4":{"start":{"line":315,"column":16},"end":{"line":315,"column":27}},"5":{"start":{"line":302,"column":16},"end":{"line":302,"column":31}},"6":{"start":{"line":320,"column":16},"end":{"line":320,"column":34}},"7":{"start":{"line":311,"column":16},"end":{"line":311,"column":32}},"8":{"start":{"line":307,"column":16},"end":{"line":307,"column":28}},"9":{"start":{"line":18,"column":16},"end":{"line":18,"column":28}},"10":{"start":{"line":26,"column":16},"end":{"line":26,"column":33}},"11":{"start":{"line":22,"column":16},"end":{"line":22,"column":32}},"12":{"start":{"line":126,"column":16},"end":{"line":126,"column":34}},"13":{"start":{"line":134,"column":16},"end":{"line":134,"column":null}},"14":{"start":{"line":273,"column":16},"end":{"line":273,"column":34}},"15":{"start":{"line":119,"column":16},"end":{"line":119,"column":33}},"16":{"start":{"line":197,"column":16},"end":{"line":197,"column":31}},"17":{"start":{"line":216,"column":16},"end":{"line":216,"column":34}},"18":{"start":{"line":185,"column":16},"end":{"line":185,"column":24}},"19":{"start":{"line":190,"column":16},"end":{"line":190,"column":27}},"20":{"start":{"line":236,"column":16},"end":{"line":236,"column":31}},"21":{"start":{"line":248,"column":16},"end":{"line":248,"column":null}},"22":{"start":{"line":204,"column":16},"end":{"line":204,"column":33}},"23":{"start":{"line":1,"column":68},"end":{"line":1,"column":null}},"24":{"start":{"line":2,"column":25},"end":{"line":2,"column":null}},"25":{"start":{"line":4,"column":56},"end":{"line":4,"column":null}},"26":{"start":{"line":5,"column":65},"end":{"line":5,"column":null}},"27":{"start":{"line":19,"column":2},"end":{"line":19,"column":null}},"28":{"start":{"line":23,"column":2},"end":{"line":23,"column":null}},"29":{"start":{"line":27,"column":2},"end":{"line":27,"column":null}},"30":{"start":{"line":33,"column":4},"end":{"line":35,"column":36}},"31":{"start":{"line":36,"column":23},"end":{"line":36,"column":65}},"32":{"start":{"line":37,"column":21},"end":{"line":41,"column":null}},"33":{"start":{"line":44,"column":23},"end":{"line":51,"column":null}},"34":{"start":{"line":53,"column":2},"end":{"line":53,"column":null}},"35":{"start":{"line":58,"column":18},"end":{"line":58,"column":null}},"36":{"start":{"line":59,"column":20},"end":{"line":59,"column":null}},"37":{"start":{"line":60,"column":21},"end":{"line":60,"column":null}},"38":{"start":{"line":61,"column":18},"end":{"line":61,"column":null}},"39":{"start":{"line":62,"column":22},"end":{"line":62,"column":null}},"40":{"start":{"line":63,"column":19},"end":{"line":63,"column":35}},"41":{"start":{"line":65,"column":4},"end":{"line":67,"column":null}},"42":{"start":{"line":69,"column":23},"end":{"line":84,"column":null}},"43":{"start":{"line":86,"column":24},"end":{"line":92,"column":null}},"44":{"start":{"line":94,"column":16},"end":{"line":98,"column":null}},"45":{"start":{"line":94,"column":57},"end":{"line":98,"column":null}},"46":{"start":{"line":100,"column":2},"end":{"line":115,"column":null}},"47":{"start":{"line":120,"column":2},"end":{"line":123,"column":null}},"48":{"start":{"line":127,"column":2},"end":{"line":127,"column":null}},"49":{"start":{"line":138,"column":15},"end":{"line":138,"column":null}},"50":{"start":{"line":140,"column":2},"end":{"line":142,"column":null}},"51":{"start":{"line":141,"column":4},"end":{"line":141,"column":null}},"52":{"start":{"line":144,"column":2},"end":{"line":146,"column":null}},"53":{"start":{"line":145,"column":4},"end":{"line":145,"column":null}},"54":{"start":{"line":148,"column":2},"end":{"line":150,"column":null}},"55":{"start":{"line":149,"column":4},"end":{"line":149,"column":null}},"56":{"start":{"line":152,"column":2},"end":{"line":154,"column":null}},"57":{"start":{"line":153,"column":4},"end":{"line":153,"column":null}},"58":{"start":{"line":156,"column":19},"end":{"line":157,"column":null}},"59":{"start":{"line":157,"column":14},"end":{"line":157,"column":88}},"60":{"start":{"line":160,"column":2},"end":{"line":165,"column":null}},"61":{"start":{"line":161,"column":4},"end":{"line":164,"column":null}},"62":{"start":{"line":167,"column":21},"end":{"line":173,"column":null}},"63":{"start":{"line":175,"column":2},"end":{"line":182,"column":null}},"64":{"start":{"line":186,"column":2},"end":{"line":186,"column":null}},"65":{"start":{"line":191,"column":17},"end":{"line":191,"column":null}},"66":{"start":{"line":191,"column":44},"end":{"line":191,"column":null}},"67":{"start":{"line":192,"column":2},"end":{"line":192,"column":null}},"68":{"start":{"line":192,"column":15},"end":{"line":192,"column":null}},"69":{"start":{"line":194,"column":2},"end":{"line":194,"column":null}},"70":{"start":{"line":198,"column":17},"end":{"line":198,"column":null}},"71":{"start":{"line":198,"column":44},"end":{"line":198,"column":null}},"72":{"start":{"line":199,"column":2},"end":{"line":199,"column":null}},"73":{"start":{"line":199,"column":15},"end":{"line":199,"column":null}},"74":{"start":{"line":201,"column":2},"end":{"line":201,"column":null}},"75":{"start":{"line":205,"column":2},"end":{"line":205,"column":null}},"76":{"start":{"line":205,"column":31},"end":{"line":205,"column":null}},"77":{"start":{"line":207,"column":2},"end":{"line":213,"column":null}},"78":{"start":{"line":217,"column":2},"end":{"line":217,"column":null}},"79":{"start":{"line":217,"column":44},"end":{"line":217,"column":null}},"80":{"start":{"line":218,"column":2},"end":{"line":221,"column":null}},"81":{"start":{"line":225,"column":2},"end":{"line":225,"column":null}},"82":{"start":{"line":225,"column":30},"end":{"line":225,"column":null}},"83":{"start":{"line":226,"column":2},"end":{"line":233,"column":null}},"84":{"start":{"line":237,"column":2},"end":{"line":237,"column":null}},"85":{"start":{"line":237,"column":31},"end":{"line":237,"column":null}},"86":{"start":{"line":238,"column":2},"end":{"line":245,"column":null}},"87":{"start":{"line":252,"column":17},"end":{"line":252,"column":null}},"88":{"start":{"line":253,"column":2},"end":{"line":253,"column":null}},"89":{"start":{"line":253,"column":15},"end":{"line":253,"column":null}},"90":{"start":{"line":255,"column":15},"end":{"line":255,"column":null}},"91":{"start":{"line":256,"column":17},"end":{"line":256,"column":null}},"92":{"start":{"line":258,"column":2},"end":{"line":269,"column":null}},"93":{"start":{"line":261,"column":6},"end":{"line":267,"column":null}},"94":{"start":{"line":274,"column":15},"end":{"line":274,"column":null}},"95":{"start":{"line":274,"column":42},"end":{"line":274,"column":null}},"96":{"start":{"line":275,"column":2},"end":{"line":275,"column":null}},"97":{"start":{"line":275,"column":44},"end":{"line":275,"column":null}},"98":{"start":{"line":277,"column":2},"end":{"line":292,"column":null}},"99":{"start":{"line":279,"column":40},"end":{"line":279,"column":null}},"100":{"start":{"line":280,"column":68},"end":{"line":280,"column":null}},"101":{"start":{"line":281,"column":54},"end":{"line":281,"column":null}},"102":{"start":{"line":283,"column":16},"end":{"line":283,"column":null}},"103":{"start":{"line":285,"column":52},"end":{"line":285,"column":null}},"104":{"start":{"line":287,"column":16},"end":{"line":287,"column":null}},"105":{"start":{"line":289,"column":74},"end":{"line":289,"column":null}},"106":{"start":{"line":290,"column":74},"end":{"line":290,"column":null}},"107":{"start":{"line":295,"column":51},"end":{"line":298,"column":null}},"108":{"start":{"line":303,"column":2},"end":{"line":303,"column":null}},"109":{"start":{"line":303,"column":22},"end":{"line":303,"column":null}},"110":{"start":{"line":304,"column":2},"end":{"line":304,"column":null}},"111":{"start":{"line":304,"column":36},"end":{"line":304,"column":69}},"112":{"start":{"line":308,"column":2},"end":{"line":308,"column":null}},"113":{"start":{"line":308,"column":36},"end":{"line":308,"column":null}},"114":{"start":{"line":312,"column":2},"end":{"line":312,"column":null}},"115":{"start":{"line":312,"column":38},"end":{"line":312,"column":null}},"116":{"start":{"line":316,"column":2},"end":{"line":316,"column":null}},"117":{"start":{"line":316,"column":36},"end":{"line":316,"column":69}},"118":{"start":{"line":321,"column":2},"end":{"line":321,"column":null}}},"fnMap":{"0":{"name":"isDemoGroup","decl":{"start":{"line":18,"column":16},"end":{"line":18,"column":28}},"loc":{"start":{"line":18,"column":49},"end":{"line":20,"column":null}}},"1":{"name":"isGroupArchived","decl":{"start":{"line":22,"column":16},"end":{"line":22,"column":32}},"loc":{"start":{"line":22,"column":44},"end":{"line":24,"column":null}}},"2":{"name":"isEnrollmentOpen","decl":{"start":{"line":26,"column":16},"end":{"line":26,"column":33}},"loc":{"start":{"line":26,"column":45},"end":{"line":28,"column":null}}},"3":{"name":"createGroup","decl":{"start":{"line":31,"column":16},"end":{"line":31,"column":28}},"loc":{"start":{"line":31,"column":68},"end":{"line":54,"column":null}}},"4":{"name":"createRoom","decl":{"start":{"line":57,"column":16},"end":{"line":57,"column":27}},"loc":{"start":{"line":57,"column":66},"end":{"line":116,"column":null}}},"5":{"name":"(anonymous_29)","decl":{"start":{"line":94,"column":46},"end":{"line":94,"column":47}},"loc":{"start":{"line":94,"column":57},"end":{"line":98,"column":null}}},"6":{"name":"rotateInviteCode","decl":{"start":{"line":119,"column":16},"end":{"line":119,"column":33}},"loc":{"start":{"line":119,"column":81},"end":{"line":124,"column":null}}},"7":{"name":"isValidInviteCode","decl":{"start":{"line":126,"column":16},"end":{"line":126,"column":34}},"loc":{"start":{"line":126,"column":63},"end":{"line":128,"column":null}}},"8":{"name":"joinGroup","decl":{"start":{"line":134,"column":16},"end":{"line":134,"column":null}},"loc":{"start":{"line":136,"column":55},"end":{"line":183,"column":null}}},"9":{"name":"(anonymous_33)","decl":{"start":{"line":157,"column":4},"end":{"line":157,"column":5}},"loc":{"start":{"line":157,"column":14},"end":{"line":157,"column":88}}},"10":{"name":"signOut","decl":{"start":{"line":185,"column":16},"end":{"line":185,"column":24}},"loc":{"start":{"line":185,"column":39},"end":{"line":187,"column":null}}},"11":{"name":"switchRole","decl":{"start":{"line":190,"column":16},"end":{"line":190,"column":27}},"loc":{"start":{"line":190,"column":58},"end":{"line":195,"column":null}}},"12":{"name":"(anonymous_36)","decl":{"start":{"line":191,"column":34},"end":{"line":191,"column":35}},"loc":{"start":{"line":191,"column":44},"end":{"line":191,"column":null}}},"13":{"name":"setCurrentUser","decl":{"start":{"line":197,"column":16},"end":{"line":197,"column":31}},"loc":{"start":{"line":197,"column":62},"end":{"line":202,"column":null}}},"14":{"name":"(anonymous_38)","decl":{"start":{"line":198,"column":34},"end":{"line":198,"column":35}},"loc":{"start":{"line":198,"column":44},"end":{"line":198,"column":null}}},"15":{"name":"updateWeeklyGoal","decl":{"start":{"line":204,"column":16},"end":{"line":204,"column":33}},"loc":{"start":{"line":204,"column":62},"end":{"line":214,"column":null}}},"16":{"name":"setEnrollmentOpen","decl":{"start":{"line":216,"column":16},"end":{"line":216,"column":34}},"loc":{"start":{"line":216,"column":64},"end":{"line":222,"column":null}}},"17":{"name":"archiveGroup","decl":{"start":{"line":224,"column":16},"end":{"line":224,"column":29}},"loc":{"start":{"line":224,"column":44},"end":{"line":234,"column":null}}},"18":{"name":"unarchiveGroup","decl":{"start":{"line":236,"column":16},"end":{"line":236,"column":31}},"loc":{"start":{"line":236,"column":46},"end":{"line":246,"column":null}}},"19":{"name":"updateCurrentUserProfile","decl":{"start":{"line":248,"column":16},"end":{"line":248,"column":null}},"loc":{"start":{"line":250,"column":43},"end":{"line":270,"column":null}}},"20":{"name":"(anonymous_44)","decl":{"start":{"line":260,"column":27},"end":{"line":260,"column":28}},"loc":{"start":{"line":261,"column":6},"end":{"line":267,"column":null}}},"21":{"name":"removeParticipant","decl":{"start":{"line":273,"column":16},"end":{"line":273,"column":34}},"loc":{"start":{"line":273,"column":65},"end":{"line":293,"column":null}}},"22":{"name":"(anonymous_46)","decl":{"start":{"line":274,"column":32},"end":{"line":274,"column":33}},"loc":{"start":{"line":274,"column":42},"end":{"line":274,"column":null}}},"23":{"name":"(anonymous_47)","decl":{"start":{"line":279,"column":30},"end":{"line":279,"column":31}},"loc":{"start":{"line":279,"column":40},"end":{"line":279,"column":null}}},"24":{"name":"(anonymous_48)","decl":{"start":{"line":280,"column":58},"end":{"line":280,"column":59}},"loc":{"start":{"line":280,"column":68},"end":{"line":280,"column":null}}},"25":{"name":"(anonymous_49)","decl":{"start":{"line":281,"column":44},"end":{"line":281,"column":45}},"loc":{"start":{"line":281,"column":54},"end":{"line":281,"column":null}}},"26":{"name":"(anonymous_50)","decl":{"start":{"line":283,"column":6},"end":{"line":283,"column":7}},"loc":{"start":{"line":283,"column":16},"end":{"line":283,"column":null}}},"27":{"name":"(anonymous_51)","decl":{"start":{"line":285,"column":42},"end":{"line":285,"column":43}},"loc":{"start":{"line":285,"column":52},"end":{"line":285,"column":null}}},"28":{"name":"(anonymous_52)","decl":{"start":{"line":287,"column":6},"end":{"line":287,"column":7}},"loc":{"start":{"line":287,"column":16},"end":{"line":287,"column":null}}},"29":{"name":"(anonymous_53)","decl":{"start":{"line":289,"column":64},"end":{"line":289,"column":65}},"loc":{"start":{"line":289,"column":74},"end":{"line":289,"column":null}}},"30":{"name":"(anonymous_54)","decl":{"start":{"line":290,"column":64},"end":{"line":290,"column":65}},"loc":{"start":{"line":290,"column":74},"end":{"line":290,"column":null}}},"31":{"name":"getCurrentUser","decl":{"start":{"line":302,"column":16},"end":{"line":302,"column":31}},"loc":{"start":{"line":302,"column":46},"end":{"line":305,"column":null}}},"32":{"name":"(anonymous_56)","decl":{"start":{"line":304,"column":26},"end":{"line":304,"column":27}},"loc":{"start":{"line":304,"column":36},"end":{"line":304,"column":69}}},"33":{"name":"getUserById","decl":{"start":{"line":307,"column":16},"end":{"line":307,"column":28}},"loc":{"start":{"line":307,"column":59},"end":{"line":309,"column":null}}},"34":{"name":"(anonymous_58)","decl":{"start":{"line":308,"column":26},"end":{"line":308,"column":27}},"loc":{"start":{"line":308,"column":36},"end":{"line":308,"column":null}}},"35":{"name":"getParticipants","decl":{"start":{"line":311,"column":16},"end":{"line":311,"column":32}},"loc":{"start":{"line":311,"column":47},"end":{"line":313,"column":null}}},"36":{"name":"(anonymous_60)","decl":{"start":{"line":312,"column":28},"end":{"line":312,"column":29}},"loc":{"start":{"line":312,"column":38},"end":{"line":312,"column":null}}},"37":{"name":"getCurator","decl":{"start":{"line":315,"column":16},"end":{"line":315,"column":27}},"loc":{"start":{"line":315,"column":42},"end":{"line":317,"column":null}}},"38":{"name":"(anonymous_62)","decl":{"start":{"line":316,"column":26},"end":{"line":316,"column":27}},"loc":{"start":{"line":316,"column":36},"end":{"line":316,"column":69}}},"39":{"name":"getParticipantDay","decl":{"start":{"line":320,"column":16},"end":{"line":320,"column":34}},"loc":{"start":{"line":320,"column":67},"end":{"line":322,"column":null}}}},"branchMap":{"0":{"loc":{"start":{"line":27,"column":9},"end":{"line":27,"column":null}},"type":"binary-expr","locations":[{"start":{"line":27,"column":9},"end":{"line":27,"column":43}},{"start":{"line":27,"column":43},"end":{"line":27,"column":null}}]},"1":{"loc":{"start":{"line":33,"column":4},"end":{"line":35,"column":36}},"type":"cond-expr","locations":[{"start":{"line":34,"column":8},"end":{"line":34,"column":30}},{"start":{"line":35,"column":8},"end":{"line":35,"column":36}}]},"2":{"loc":{"start":{"line":33,"column":4},"end":{"line":33,"column":null}},"type":"binary-expr","locations":[{"start":{"line":33,"column":4},"end":{"line":33,"column":26}},{"start":{"line":33,"column":30},"end":{"line":33,"column":null}}]},"3":{"loc":{"start":{"line":38,"column":4},"end":{"line":40,"column":30}},"type":"cond-expr","locations":[{"start":{"line":39,"column":8},"end":{"line":39,"column":null}},{"start":{"line":40,"column":8},"end":{"line":40,"column":30}}]},"4":{"loc":{"start":{"line":38,"column":4},"end":{"line":38,"column":null}},"type":"binary-expr","locations":[{"start":{"line":38,"column":4},"end":{"line":38,"column":20}},{"start":{"line":38,"column":20},"end":{"line":38,"column":null}}]},"5":{"loc":{"start":{"line":46,"column":10},"end":{"line":46,"column":47}},"type":"binary-expr","locations":[{"start":{"line":46,"column":10},"end":{"line":46,"column":31}},{"start":{"line":46,"column":31},"end":{"line":46,"column":47}}]},"6":{"loc":{"start":{"line":47,"column":17},"end":{"line":47,"column":68}},"type":"binary-expr","locations":[{"start":{"line":47,"column":17},"end":{"line":47,"column":45}},{"start":{"line":47,"column":45},"end":{"line":47,"column":68}}]},"7":{"loc":{"start":{"line":60,"column":41},"end":{"line":60,"column":null}},"type":"binary-expr","locations":[{"start":{"line":60,"column":41},"end":{"line":60,"column":57}},{"start":{"line":60,"column":61},"end":{"line":60,"column":null}}]},"8":{"loc":{"start":{"line":62,"column":22},"end":{"line":62,"column":null}},"type":"binary-expr","locations":[{"start":{"line":62,"column":22},"end":{"line":62,"column":84}},{"start":{"line":62,"column":84},"end":{"line":62,"column":null}}]},"9":{"loc":{"start":{"line":62,"column":23},"end":{"line":62,"column":71}},"type":"binary-expr","locations":[{"start":{"line":62,"column":23},"end":{"line":62,"column":40}},{"start":{"line":62,"column":44},"end":{"line":62,"column":61}},{"start":{"line":62,"column":61},"end":{"line":62,"column":71}}]},"10":{"loc":{"start":{"line":65,"column":4},"end":{"line":67,"column":null}},"type":"cond-expr","locations":[{"start":{"line":66,"column":8},"end":{"line":66,"column":30}},{"start":{"line":67,"column":8},"end":{"line":67,"column":null}}]},"11":{"loc":{"start":{"line":65,"column":4},"end":{"line":65,"column":null}},"type":"binary-expr","locations":[{"start":{"line":65,"column":4},"end":{"line":65,"column":26}},{"start":{"line":65,"column":30},"end":{"line":65,"column":null}}]},"12":{"loc":{"start":{"line":71,"column":10},"end":{"line":71,"column":53}},"type":"binary-expr","locations":[{"start":{"line":71,"column":10},"end":{"line":71,"column":31}},{"start":{"line":71,"column":31},"end":{"line":71,"column":53}}]},"13":{"loc":{"start":{"line":72,"column":17},"end":{"line":72,"column":74}},"type":"binary-expr","locations":[{"start":{"line":72,"column":17},"end":{"line":72,"column":45}},{"start":{"line":72,"column":45},"end":{"line":72,"column":74}}]},"14":{"loc":{"start":{"line":90,"column":12},"end":{"line":90,"column":null}},"type":"cond-expr","locations":[{"start":{"line":90,"column":42},"end":{"line":90,"column":70}},{"start":{"line":90,"column":70},"end":{"line":90,"column":null}}]},"15":{"loc":{"start":{"line":90,"column":42},"end":{"line":90,"column":70}},"type":"binary-expr","locations":[{"start":{"line":90,"column":42},"end":{"line":90,"column":56}},{"start":{"line":90,"column":60},"end":{"line":90,"column":70}}]},"16":{"loc":{"start":{"line":119,"column":50},"end":{"line":119,"column":81}},"type":"default-arg","locations":[{"start":{"line":119,"column":61},"end":{"line":119,"column":81}}]},"17":{"loc":{"start":{"line":140,"column":2},"end":{"line":142,"column":null}},"type":"if","locations":[{"start":{"line":140,"column":2},"end":{"line":142,"column":null}}]},"18":{"loc":{"start":{"line":144,"column":2},"end":{"line":146,"column":null}},"type":"if","locations":[{"start":{"line":144,"column":2},"end":{"line":146,"column":null}}]},"19":{"loc":{"start":{"line":148,"column":2},"end":{"line":150,"column":null}},"type":"if","locations":[{"start":{"line":148,"column":2},"end":{"line":150,"column":null}}]},"20":{"loc":{"start":{"line":152,"column":2},"end":{"line":154,"column":null}},"type":"if","locations":[{"start":{"line":152,"column":2},"end":{"line":154,"column":null}}]},"21":{"loc":{"start":{"line":157,"column":14},"end":{"line":157,"column":88}},"type":"binary-expr","locations":[{"start":{"line":157,"column":14},"end":{"line":157,"column":64}},{"start":{"line":157,"column":64},"end":{"line":157,"column":88}}]},"22":{"loc":{"start":{"line":160,"column":2},"end":{"line":165,"column":null}},"type":"if","locations":[{"start":{"line":160,"column":2},"end":{"line":165,"column":null}}]},"23":{"loc":{"start":{"line":171,"column":12},"end":{"line":171,"column":null}},"type":"cond-expr","locations":[{"start":{"line":171,"column":39},"end":{"line":171,"column":49}},{"start":{"line":171,"column":49},"end":{"line":171,"column":null}}]},"24":{"loc":{"start":{"line":192,"column":2},"end":{"line":192,"column":null}},"type":"if","locations":[{"start":{"line":192,"column":2},"end":{"line":192,"column":null}}]},"25":{"loc":{"start":{"line":199,"column":2},"end":{"line":199,"column":null}},"type":"if","locations":[{"start":{"line":199,"column":2},"end":{"line":199,"column":null}}]},"26":{"loc":{"start":{"line":205,"column":2},"end":{"line":205,"column":null}},"type":"if","locations":[{"start":{"line":205,"column":2},"end":{"line":205,"column":null}}]},"27":{"loc":{"start":{"line":217,"column":2},"end":{"line":217,"column":null}},"type":"if","locations":[{"start":{"line":217,"column":2},"end":{"line":217,"column":null}}]},"28":{"loc":{"start":{"line":217,"column":6},"end":{"line":217,"column":44}},"type":"binary-expr","locations":[{"start":{"line":217,"column":6},"end":{"line":217,"column":38}},{"start":{"line":217,"column":38},"end":{"line":217,"column":44}}]},"29":{"loc":{"start":{"line":225,"column":2},"end":{"line":225,"column":null}},"type":"if","locations":[{"start":{"line":225,"column":2},"end":{"line":225,"column":null}}]},"30":{"loc":{"start":{"line":237,"column":2},"end":{"line":237,"column":null}},"type":"if","locations":[{"start":{"line":237,"column":2},"end":{"line":237,"column":null}}]},"31":{"loc":{"start":{"line":253,"column":2},"end":{"line":253,"column":null}},"type":"if","locations":[{"start":{"line":253,"column":2},"end":{"line":253,"column":null}}]},"32":{"loc":{"start":{"line":261,"column":6},"end":{"line":267,"column":null}},"type":"cond-expr","locations":[{"start":{"line":262,"column":10},"end":{"line":266,"column":null}},{"start":{"line":267,"column":10},"end":{"line":267,"column":null}}]},"33":{"loc":{"start":{"line":264,"column":16},"end":{"line":264,"column":56}},"type":"cond-expr","locations":[{"start":{"line":264,"column":43},"end":{"line":264,"column":54}},{"start":{"line":264,"column":54},"end":{"line":264,"column":56}}]},"34":{"loc":{"start":{"line":264,"column":16},"end":{"line":264,"column":43}},"type":"binary-expr","locations":[{"start":{"line":264,"column":16},"end":{"line":264,"column":24}},{"start":{"line":264,"column":24},"end":{"line":264,"column":43}}]},"35":{"loc":{"start":{"line":265,"column":16},"end":{"line":265,"column":40}},"type":"cond-expr","locations":[{"start":{"line":265,"column":25},"end":{"line":265,"column":38}},{"start":{"line":265,"column":38},"end":{"line":265,"column":40}}]},"36":{"loc":{"start":{"line":275,"column":2},"end":{"line":275,"column":null}},"type":"if","locations":[{"start":{"line":275,"column":2},"end":{"line":275,"column":null}}]},"37":{"loc":{"start":{"line":275,"column":6},"end":{"line":275,"column":44}},"type":"binary-expr","locations":[{"start":{"line":275,"column":6},"end":{"line":275,"column":15}},{"start":{"line":275,"column":15},"end":{"line":275,"column":44}}]},"38":{"loc":{"start":{"line":280,"column":22},"end":{"line":280,"column":48}},"type":"binary-expr","locations":[{"start":{"line":280,"column":22},"end":{"line":280,"column":43}},{"start":{"line":280,"column":47},"end":{"line":280,"column":48}}]},"39":{"loc":{"start":{"line":281,"column":15},"end":{"line":281,"column":34}},"type":"binary-expr","locations":[{"start":{"line":281,"column":15},"end":{"line":281,"column":29}},{"start":{"line":281,"column":33},"end":{"line":281,"column":34}}]},"40":{"loc":{"start":{"line":282,"column":21},"end":{"line":282,"column":46}},"type":"binary-expr","locations":[{"start":{"line":282,"column":21},"end":{"line":282,"column":41}},{"start":{"line":282,"column":45},"end":{"line":282,"column":46}}]},"41":{"loc":{"start":{"line":283,"column":16},"end":{"line":283,"column":null}},"type":"binary-expr","locations":[{"start":{"line":283,"column":16},"end":{"line":283,"column":46}},{"start":{"line":283,"column":46},"end":{"line":283,"column":null}}]},"42":{"loc":{"start":{"line":285,"column":14},"end":{"line":285,"column":32}},"type":"binary-expr","locations":[{"start":{"line":285,"column":14},"end":{"line":285,"column":27}},{"start":{"line":285,"column":31},"end":{"line":285,"column":32}}]},"43":{"loc":{"start":{"line":286,"column":29},"end":{"line":286,"column":62}},"type":"binary-expr","locations":[{"start":{"line":286,"column":29},"end":{"line":286,"column":57}},{"start":{"line":286,"column":61},"end":{"line":286,"column":62}}]},"44":{"loc":{"start":{"line":289,"column":25},"end":{"line":289,"column":54}},"type":"binary-expr","locations":[{"start":{"line":289,"column":25},"end":{"line":289,"column":49}},{"start":{"line":289,"column":53},"end":{"line":289,"column":54}}]},"45":{"loc":{"start":{"line":290,"column":25},"end":{"line":290,"column":54}},"type":"binary-expr","locations":[{"start":{"line":290,"column":25},"end":{"line":290,"column":49}},{"start":{"line":290,"column":53},"end":{"line":290,"column":54}}]},"46":{"loc":{"start":{"line":291,"column":13},"end":{"line":291,"column":68}},"type":"cond-expr","locations":[{"start":{"line":291,"column":48},"end":{"line":291,"column":55}},{"start":{"line":291,"column":55},"end":{"line":291,"column":68}}]},"47":{"loc":{"start":{"line":303,"column":2},"end":{"line":303,"column":null}},"type":"if","locations":[{"start":{"line":303,"column":2},"end":{"line":303,"column":null}}]},"48":{"loc":{"start":{"line":304,"column":9},"end":{"line":304,"column":null}},"type":"binary-expr","locations":[{"start":{"line":304,"column":9},"end":{"line":304,"column":74}},{"start":{"line":304,"column":74},"end":{"line":304,"column":null}}]}},"s":{"0":1,"1":3,"2":3,"3":0,"4":1,"5":2,"6":22,"7":12,"8":0,"9":0,"10":2,"11":0,"12":2,"13":7,"14":1,"15":1,"16":2,"17":1,"18":1,"19":2,"20":0,"21":0,"22":1,"23":3,"24":3,"25":3,"26":3,"27":0,"28":4,"29":6,"30":3,"31":3,"32":3,"33":3,"34":3,"35":3,"36":3,"37":3,"38":3,"39":3,"40":3,"41":3,"42":3,"43":3,"44":3,"45":54,"46":3,"47":1,"48":7,"49":7,"50":7,"51":1,"52":6,"53":1,"54":5,"55":1,"56":4,"57":1,"58":3,"59":16,"60":3,"61":1,"62":2,"63":2,"64":1,"65":2,"66":5,"67":2,"68":1,"69":1,"70":2,"71":2,"72":2,"73":0,"74":2,"75":1,"76":0,"77":1,"78":1,"79":0,"80":1,"81":1,"82":0,"83":1,"84":0,"85":0,"86":0,"87":0,"88":0,"89":0,"90":0,"91":0,"92":0,"93":0,"94":1,"95":2,"96":1,"97":0,"98":1,"99":5,"100":17,"101":5,"102":2,"103":0,"104":0,"105":0,"106":0,"107":3,"108":5,"109":4,"110":1,"111":1,"112":0,"113":0,"114":12,"115":60,"116":1,"117":1,"118":22},"f":{"0":0,"1":4,"2":6,"3":3,"4":3,"5":54,"6":1,"7":7,"8":7,"9":16,"10":1,"11":2,"12":5,"13":2,"14":2,"15":1,"16":1,"17":1,"18":0,"19":0,"20":0,"21":1,"22":2,"23":5,"24":17,"25":5,"26":2,"27":0,"28":0,"29":0,"30":0,"31":5,"32":1,"33":0,"34":0,"35":12,"36":60,"37":1,"38":1,"39":22},"b":{"0":[6,3],"1":[1,2],"2":[3,1],"3":[1,2],"4":[3,1],"5":[3,0],"6":[3,1],"7":[3,0],"8":[3,0],"9":[3,0,0],"10":[1,2],"11":[3,1],"12":[3,0],"13":[3,1],"14":[0,3],"15":[0,0],"16":[0],"17":[1],"18":[1],"19":[1],"20":[1],"21":[16,1],"22":[1],"23":[0,2],"24":[1],"25":[0],"26":[0],"27":[0],"28":[1,0],"29":[0],"30":[0],"31":[0],"32":[0,0],"33":[0,0],"34":[0,0],"35":[0,0],"36":[0],"37":[1,1],"38":[1,0],"39":[1,0],"40":[1,0],"41":[2,1],"42":[1,0],"43":[1,0],"44":[1,0],"45":[1,0],"46":[0,1],"47":[4],"48":[1,0]}}
,"C:\\Users\\inet\\PycharmProjects\\PythonProject\\pervye-30\\lib\\services\\inviteCode.ts": {"path":"C:\\Users\\inet\\PycharmProjects\\PythonProject\\pervye-30\\lib\\services\\inviteCode.ts","statementMap":{"0":{"start":{"line":5,"column":16},"end":{"line":5,"column":null}},"1":{"start":{"line":14,"column":16},"end":{"line":14,"column":36}},"2":{"start":{"line":2,"column":17},"end":{"line":2,"column":null}},"3":{"start":{"line":6,"column":17},"end":{"line":9,"column":null}},"4":{"start":{"line":7,"column":18},"end":{"line":7,"column":null}},"5":{"start":{"line":8,"column":4},"end":{"line":8,"column":null}},"6":{"start":{"line":11,"column":2},"end":{"line":11,"column":null}},"7":{"start":{"line":15,"column":2},"end":{"line":15,"column":null}}},"fnMap":{"0":{"name":"generateInviteCode","decl":{"start":{"line":5,"column":16},"end":{"line":5,"column":null}},"loc":{"start":{"line":5,"column":16},"end":{"line":12,"column":null}}},"1":{"name":"(anonymous_4)","decl":{"start":{"line":6,"column":43},"end":{"line":6,"column":null}},"loc":{"start":{"line":6,"column":43},"end":{"line":9,"column":5}}},"2":{"name":"normalizeInviteCode","decl":{"start":{"line":14,"column":16},"end":{"line":14,"column":36}},"loc":{"start":{"line":14,"column":48},"end":{"line":16,"column":null}}}},"branchMap":{},"s":{"0":1,"1":20,"2":4,"3":1,"4":4,"5":4,"6":1,"7":20},"f":{"0":1,"1":4,"2":20},"b":{}}
,"C:\\Users\\inet\\PycharmProjects\\PythonProject\\pervye-30\\lib\\services\\statsService.ts": {"path":"C:\\Users\\inet\\PycharmProjects\\PythonProject\\pervye-30\\lib\\services\\statsService.ts","statementMap":{"0":{"start":{"line":323,"column":16},"end":{"line":323,"column":null}},"1":{"start":{"line":131,"column":16},"end":{"line":131,"column":39}},"2":{"start":{"line":145,"column":16},"end":{"line":145,"column":30}},"3":{"start":{"line":55,"column":16},"end":{"line":55,"column":36}},"4":{"start":{"line":378,"column":16},"end":{"line":378,"column":null}},"5":{"start":{"line":355,"column":16},"end":{"line":355,"column":null}},"6":{"start":{"line":341,"column":16},"end":{"line":341,"column":null}},"7":{"start":{"line":162,"column":16},"end":{"line":162,"column":null}},"8":{"start":{"line":261,"column":16},"end":{"line":261,"column":null}},"9":{"start":{"line":230,"column":16},"end":{"line":230,"column":null}},"10":{"start":{"line":389,"column":16},"end":{"line":389,"column":28}},"11":{"start":{"line":173,"column":13},"end":{"line":173,"column":63}},"12":{"start":{"line":293,"column":16},"end":{"line":293,"column":null}},"13":{"start":{"line":1,"column":31},"end":{"line":1,"column":null}},"14":{"start":{"line":11,"column":51},"end":{"line":11,"column":null}},"15":{"start":{"line":12,"column":52},"end":{"line":12,"column":null}},"16":{"start":{"line":24,"column":7},"end":{"line":24,"column":null}},"17":{"start":{"line":31,"column":22},"end":{"line":31,"column":null}},"18":{"start":{"line":32,"column":2},"end":{"line":37,"column":null}},"19":{"start":{"line":34,"column":6},"end":{"line":36,"column":null}},"20":{"start":{"line":41,"column":22},"end":{"line":41,"column":null}},"21":{"start":{"line":42,"column":16},"end":{"line":42,"column":null}},"22":{"start":{"line":43,"column":15},"end":{"line":43,"column":null}},"23":{"start":{"line":45,"column":2},"end":{"line":50,"column":null}},"24":{"start":{"line":45,"column":18},"end":{"line":45,"column":21}},"25":{"start":{"line":46,"column":21},"end":{"line":46,"column":null}},"26":{"start":{"line":47,"column":4},"end":{"line":49,"column":null}},"27":{"start":{"line":47,"column":56},"end":{"line":47,"column":99}},"28":{"start":{"line":48,"column":6},"end":{"line":48,"column":null}},"29":{"start":{"line":52,"column":2},"end":{"line":52,"column":null}},"30":{"start":{"line":56,"column":15},"end":{"line":56,"column":null}},"31":{"start":{"line":56,"column":42},"end":{"line":56,"column":null}},"32":{"start":{"line":57,"column":2},"end":{"line":57,"column":null}},"33":{"start":{"line":57,"column":13},"end":{"line":57,"column":null}},"34":{"start":{"line":59,"column":2},"end":{"line":59,"column":null}},"35":{"start":{"line":63,"column":21},"end":{"line":63,"column":null}},"36":{"start":{"line":64,"column":22},"end":{"line":64,"column":null}},"37":{"start":{"line":65,"column":22},"end":{"line":65,"column":null}},"38":{"start":{"line":66,"column":24},"end":{"line":67,"column":null}},"39":{"start":{"line":67,"column":14},"end":{"line":67,"column":null}},"40":{"start":{"line":69,"column":25},"end":{"line":69,"column":null}},"41":{"start":{"line":70,"column":28},"end":{"line":72,"column":10}},"42":{"start":{"line":71,"column":4},"end":{"line":71,"column":null}},"43":{"start":{"line":73,"column":23},"end":{"line":73,"column":null}},"44":{"start":{"line":74,"column":20},"end":{"line":74,"column":null}},"45":{"start":{"line":75,"column":19},"end":{"li
[...]
"end":{"line":237,"column":null}},"138":{"start":{"line":240,"column":21},"end":{"line":248,"column":null}},"139":{"start":{"line":250,"column":2},"end":{"line":250,"column":null}},"140":{"start":{"line":254,"column":2},"end":{"line":258,"column":null}},"141":{"start":{"line":256,"column":40},"end":{"line":256,"column":null}},"142":{"start":{"line":257,"column":68},"end":{"line":257,"column":null}},"143":{"start":{"line":262,"column":2},"end":{"line":262,"column":null}}},"fnMap":{"0":{"name":"getTaskKind","decl":{"start":{"line":26,"column":16},"end":{"line":26,"column":28}},"loc":{"start":{"line":26,"column":38},"end":{"line":28,"column":null}}},"1":{"name":"isRequiredTask","decl":{"start":{"line":30,"column":16},"end":{"line":30,"column":31}},"loc":{"start":{"line":30,"column":41},"end":{"line":32,"column":null}}},"2":{"name":"normalizeAnswerNote","decl":{"start":{"line":49,"column":16},"end":{"line":49,"column":36}},"loc":{"start":{"line":49,"column":49},"end":{"line":53,"column":null}}},"3":{"name":"defaultAnswerOptions","decl":{"start":{"line":55,"column":16},"end":{"line":55,"column":37}},"loc":{"start":{"line":55,"column":51},"end":{"line":58,"column":null}}},"4":{"name":"(anonymous_35)","decl":{"start":{"line":56,"column":55},"end":{"line":56,"column":56}},"loc":{"start":{"line":56,"column":66},"end":{"line":56,"column":null}}},"5":{"name":"getTaskAnswerOptions","decl":{"start":{"line":60,"column":16},"end":{"line":60,"column":37}},"loc":{"start":{"line":60,"column":47},"end":{"line":66,"column":null}}},"6":{"name":"normalizeAnswerOptions","decl":{"start":{"line":68,"column":16},"end":{"line":68,"column":39}},"loc":{"start":{"line":68,"column":78},"end":{"line":76,"column":null}}},"7":{"name":"(anonymous_38)","decl":{"start":{"line":70,"column":9},"end":{"line":70,"column":10}},"loc":{"start":{"line":70,"column":20},"end":{"line":74,"column":null}}},"8":{"name":"(anonymous_39)","decl":{"start":{"line":75,"column":12},"end":{"line":75,"column":13}},"loc":{"start":{"line":75,"column":22},"end":{"line":75,"column":null}}},"9":{"name":"getAnswerLabel","decl":{"start":{"line":78,"column":16},"end":{"line":78,"column":31}},"loc":{"start":{"line":78,"column":63},"end":{"line":86,"column":null}}},"10":{"name":"(anonymous_41)","decl":{"start":{"line":81,"column":53},"end":{"line":81,"column":54}},"loc":{"start":{"line":81,"column":63},"end":{"line":81,"column":null}}},"11":{"name":"(anonymous_42)","decl":{"start":{"line":84,"column":69},"end":{"line":84,"column":70}},"loc":{"start":{"line":84,"column":79},"end":{"line":84,"column":null}}},"12":{"name":"needsCuratorAttention","decl":{"start":{"line":88,"column":16},"end":{"line":88,"column":38}},"loc":{"start":{"line":88,"column":70},"end":{"line":95,"column":null}}},"13":{"name":"(anonymous_44)","decl":{"start":{"line":91,"column":51},"end":{"line":91,"column":52}},"loc":{"start":{"line":91,"column":61},"end":{"line":91,"column":null}}},"14":{"name":"isAnswerTask","decl":{"start":{"line":97,"column":16},"end":{"line":97,"column":29}},"loc":{"start":{"line":97,"column":39},"end":{"line":99,"column":null}}},"15":{"name":"getWeekAnswerTasks","decl":{"start":{"line":101,"column":16},"end":{"line":101,"column":35}},"loc":{"start":{"line":101,"column":64},"end":{"line":103,"column":null}}},"16":{"name":"getWeekCount","decl":{"start":{"line":105,"column":16},"end":{"line":105,"column":29}},"loc":{"start":{"line":105,"column":45},"end":{"line":110,"column":null}}},"17":{"name":"getProgramWeek","decl":{"start":{"line":112,"column":16},"end":{"line":112,"column":31}},"loc":{"start":{"line":112,"column":60},"end":{"line":118,"column":null}}},"18":{"name":"getWeekBounds","decl":{"start":{"line":120,"column":16},"end":{"line":120,"column":30}},"loc":{"start":{"line":120,"column":60},"end":{"line":128,"column":null}}},"19":{"name":"getTasks","decl":{"start":{"line":130,"column":16},"end":{"line":130,"column":25}},"loc":{"start":{"line":130,"column":40},"end":{"line":135,"column":null}}},"20":{"name":"(anonymous_51)","decl":{"start":{"line":131,"column":31},"end":{"line":131,"column":32}},"loc":{"start":{"line":131,"column":35},"end":{"line":134,"column":null}}},"21":{"name":"getTasksByWeek","decl":{"start":{"line":137,"column":16},"end":{"line":137,"column":31}},"loc":{"start":{"line":137,"column":60},"end":{"line":139,"column":null}}},"22":{"name":"(anonymous_53)","decl":{"start":{"line":138,"column":32},"end":{"line":138,"column":33}},"loc":{"start":{"line":138,"column":42},"end":{"line":138,"column":null}}},"23":{"name":"getTaskCompletion","decl":{"start":{"line":141,"column":16},"end":{"line":141,"column":null}},"loc":{"start":{"line":144,"column":16},"end":{"line":149,"column":null}}},"24":{"name":"(anonymous_55)","decl":{"start":{"line":147,"column":4},"end":{"line":147,"column":5}},"loc":{"start":{"line":147,"column":14},"end":{"line":147,"column":null}}},"25":{"name":"hasCompletedTask","decl":{"start":{"line":151,"column":16},"end":{"line":151,"column":33}},"loc":{"start":{"line":151,"column":80},"end":{"line":153,"column":null}}},"26":{"name":"getCompletedTaskCount","decl":{"start":{"line":155,"column":16},"end":{"line":155,"column":38}},"loc":{"start":{"line":155,"column":84},"end":{"line":158,"column":null}}},"27":{"name":"(anonymous_58)","decl":{"start":{"line":156,"column":64},"end":{"line":156,"column":65}},"loc":{"start":{"line":156,"column":74},"end":{"line":156,"column":null}}},"28":{"name":"(anonymous_59)","decl":{"start":{"line":157,"column":22},"end":{"line":157,"column":23}},"loc":{"start":{"line":157,"column":32},"end":{"line":157,"column":74}}},"29":{"name":"completeWeekTask","decl":{"start":{"line":160,"column":16},"end":{"line":160,"column":null}},"loc":{"start":{"line":165,"column":15},"end":{"line":195,"column":null}}},"30":{"name":"(anonymous_61)","decl":{"start":{"line":167,"column":24},"end":{"line":167,"column":25}},"loc":{"start":{"line":167,"column":34},"end":{"line":167,"column":55}}},"31":{"name":"(anonymous_62)","decl":{"start":{"line":174,"column":57},"end":{"line":174,"column":58}},"loc":{"start":{"line":175,"column":8},"end":{"line":177,"column":null}}},"32":{"name":"undoWeekTask","decl":{"start":{"line":197,"column":16},"end":{"line":197,"column":29}},"loc":{"start":{"line":197,"column":76},"end":{"line":204,"column":null}}},"33":{"name":"(anonymous_64)","decl":{"start":{"line":201,"column":6},"end":{"line":201,"column":7}},"loc":{"start":{"line":201,"column":16},"end":{"line":201,"column":null}}},"34":{"name":"addTask","decl":{"start":{"line":206,"column":16},"end":{"line":206,"column":null}},"loc":{"start":{"line":208,"column":24},"end":{"line":251,"column":null}}},"35":{"name":"removeTask","decl":{"start":{"line":253,"column":16},"end":{"line":253,"column":27}},"loc":{"start":{"line":253,"column":58},"end":{"line":259,"column":null}}},"36":{"name":"(anonymous_67)","decl":{"start":{"line":256,"column":30},"end":{"line":256,"column":31}},"loc":{"start":{"line":256,"column":40},"end":{"line":256,"column":null}}},"37":{"name":"(anonymous_68)","decl":{"start":{"line":257,"column":58},"end":{"line":257,"column":59}},"loc":{"start":{"line":257,"column":68},"end":{"line":257,"column":null}}},"38":{"name":"getCurrentWeek","decl":{"start":{"line":261,"column":16},"end":{"line":261,"column":31}},"loc":{"start":{"line":261,"column":46},"end":{"line":263,"column":null}}}},"branchMap":{"0":{"loc":{"start":{"line":27,"column":9},"end":{"line":27,"column":null}},"type":"binary-expr","locations":[{"start":{"line":27,"column":9},"end":{"line":27,"column":18}},{"start":{"line":27,"column":22},"end":{"line":27,"column":null}}]},"1":{"loc":{"start":{"line":50,"column":15},"end":{"line":50,"column":null}},"type":"binary-expr","locations":[{"start":{"line":50,"column":15},"end":{"line":50,"column":31}},{"start":{"line":50,"column":31},"end":{"line":50,"column":null}}]},"2":{"loc":{"start":{"line":51,"column":2},"end":{"line":51,"column":null}},"type":"if","locations":[{"start":{"line":51,"column":2},"end":{"line":51,"column":null}}]},"3":{"loc":{"start":{"line":56,"column":2},"end":{"line":56,"column":null}},"type":"if","locations":[{"start":{"line":56,"column":2},"end":{"line":56,"column":null}}]},"4":{"loc":{"start":{"line":61,"column":2},"end":{"line":61,"column":null}},"type":"if","locations":[{"start":{"line":61,"column":2},"end":{"line":61,"column":null}}]},"5":{"loc":{"start":{"line":62,"column":2},"end":{"line":64,"column":null}},"type":"if","locations":[{"start":{"line":62,"column":2},"end":{"line":64,"column":null}}]},"6":{"loc":{"start":{"line":62,"column":6},"end":{"line":62,"column":77}},"type":"binary-expr","locations":[{"start":{"line":62,"column":6},"end":{"line":62,"column":24}},{"start":{"line":62,"column":28},"end":{"line":62,"column":77}}]},"7":{"loc":{"start":{"line":69,"column":10},"end":{"line":69,"column":22}},"type":"binary-expr","locations":[{"start":{"line":69,"column":10},"end":{"line":69,"column":21}},{"start":{"line":69,"column":21},"end":{"line":69,"column":22}}]},"8":{"loc":{"start":{"line":71,"column":10},"end":{"line":71,"column":null}},"type":"binary-expr","locations":[{"start":{"line":71,"column":10},"end":{"line":71,"column":28}},{"start":{"line":71,"column":28},"end":{"line":71,"column":null}}]},"9":{"loc":{"start":{"line":79,"column":2},"end":{"line":79,"column":null}},"type":"if","locations":[{"start":{"line":79,"column":2},"end":{"line":79,"column":null}}]},"10":{"loc":{"start":{"line":80,"column":2},"end":{"line":83,"column":null}},"type":"if","locations":[{"start":{"line":80,"column":2},"end":{"line":83,"column":null}}]},"11":{"loc":{"start":{"line":82,"column":4},"end":{"line":82,"column":null}},"type":"if","locations":[{"start":{"line":82,"column":4},"end":{"line":82,"column":null}}]},"12":{"loc":{"start":{"line":85,"column":9},"end":{"line":85,"column":null}},"type":"binary-expr","locations":[{"start":{"line":85,"column":9},"end":{"line":85,"column":32}},{"start":{"line":85,"column":32},"end":{"line":85,"column":null}}]},"13":{"loc":{"start":{"line":89,"column":2},"end":{"line":89,"column":null}},"type":"if","locations":[{"start":{"line":89,"column":2},"end":{"line":89,"column":null}}]},"14":{"loc":{"start":{"line":90,"column":2},"end":{"line":93,"column":null}},"type":"if","locations":[{"start":{"line":90,"column":2},"end":{"line":93,"column":null}}]},"15":{"loc":{"start":{"line":92,"column":4},"end":{"line":92,"column":null}},"type":"if","locations":[{"start":{"line":92,"column":4},"end":{"line":92,"column":null}}]},"16":{"loc":{"start":{"line":94,"column":9},"end":{"line":94,"column":null}},"type":"binary-expr","locations":[{"start":{"line":94,"column":9},"end":{"line":94,"column":28}},{"start":{"line":94,"column":28},"end":{"line":94,"column":53}},{"start":{"line":94,"column":53},"end":{"line":94,"column":null}}]},"17":{"loc":{"start":{"line":106,"column":2},"end":{"line":106,"column":null}},"type":"if","locations":[{"start":{"line":106,"column":2},"end":{"line":106,"column":null}}]},"18":{"loc":{"start":{"line":107,"column":2},"end":{"line":107,"column":null}},"type":"if","locations":[{"start":{"line":107,"column":2},"end":{"line":107,"column":null}}]},"19":{"loc":{"start":{"line":108,"column":2},"end":{"line":108,"column":null}},"type":"if","locations":[{"start":{"line":108,"column":2},"end":{"line":108,"column":null}}]},"20":{"loc":{"start":{"line":114,"column":2},"end":{"line":114,"column":null}},"type":"if","locations":[{"start":{"line":114,"column":2},"end":{"line":114,"column":null}}]},"21":{"loc":{"start":{"line":115,"column":2},"end":{"line":115,"column":null}},"type":"if","locations":[{"start":{"line":115,"column":2},"end":{"line":115,"column":null}}]},"22":{"loc":{"start":{"line":116,"column":2},"end":{"line":116,"column":null}},"type":"if","locations":[{"start":{"line":116,"column":2},"end":{"line":116,"column":null}}]},"23":{"loc":{"start":{"line":122,"column":2},"end":{"line":125,"column":null}},"type":"if","locations":[{"start":{"line":122,"column":2},"end":{"line":125,"column":null}}]},"24":{"loc":{"start":{"line":123,"column":18},"end":{"line":123,"column":null}},"type":"cond-expr","locations":[{"start":{"line":123,"column":32},"end":{"line":123,"column":36}},{"start":{"line":123,"column":36},"end":{"line":123,"column":null}}]},"25":{"loc":{"start":{"line":132,"column":4},"end":{"line":132,"column":null}},"type":"if","locations":[{"start":{"line":132,"column":4},"end":{"line":132,"column":null}}]},"26":{"loc":{"start":{"line":146,"column":10},"end":{"line":146,"column":36}},"type":"binary-expr","locations":[{"start":{"line":146,"column":10},"end":{"line":146,"column":31}},{"start":{"line":146,"column":35},"end":{"line":146,"column":36}}]},"27":{"loc":{"start":{"line":147,"column":14},"end":{"line":147,"column":null}},"type":"binary-expr","locations":[{"start":{"line":147,"column":14},"end":{"line":147,"column":40}},{"start":{"line":147,"column":40},"end":{"line":147,"column":null}}]},"28":{"loc":{"start":{"line":156,"column":16},"end":{"line":156,"column":null}},"type":"cond-expr","locations":[{"start":{"line":156,"column":31},"end":{"line":156,"column":42}},{"start":{"line":156,"column":45},"end":{"line":156,"column":null}}]},"29":{"loc":{"start":{"line":167,"column":2},"end":{"line":167,"column":null}},"type":"if","locations":[{"start":{"line":167,"column":2},"end":{"line":167,"column":null}}]},"30":{"loc":{"start":{"line":171,"column":2},"end":{"line":180,"column":null}},"type":"if","locations":[{"start":{"line":171,"column":2},"end":{"line":180,"column":null}}]},"31":{"loc":{"start":{"line":174,"column":24},"end":{"line":174,"column":50}},"type":"binary-expr","locations":[{"start":{"line":174,"column":24},"end":{"line":174,"column":45}},{"start":{"line":174,"column":49},"end":{"line":174,"column":50}}]},"32":{"loc":{"start":{"line":175,"column":8},"end":{"line":177,"column":null}},"type":"cond-expr","locations":[{"start":{"line":176,"column":12},"end":{"line":176,"column":null}},{"start":{"line":177,"column":12},"end":{"line":177,"column":null}}]},"33":{"loc":{"start":{"line":188,"column":8},"end":{"line":188,"column":40}},"type":"cond-expr","locations":[{"start":{"line":188,"column":21},"end":{"line":188,"column":38}},{"start":{"line":188,"column":38},"end":{"line":188,"column":40}}]},"34":{"loc":{"start":{"line":193,"column":26},"end":{"line":193,"column":53}},"type":"binary-expr","locations":[{"start":{"line":193,"column":26},"end":{"line":193,"column":47}},{"start":{"line":193,"column":51},"end":{"line":193,"column":53}}]},"35":{"loc":{"start":{"line":200,"column":22},"end":{"line":200,"column":48}},"type":"binary-expr","locations":[{"start":{"line":200,"column":22},"end":{"line":200,"column":43}},{"start":{"line":200,"column":47},"end":{"line":200,"column":48}}]},"36":{"loc":{"start":{"line":201,"column":18},"end":{"line":201,"column":65}},"type":"binary-expr","locations":[{"start":{"line":201,"column":18},"end":{"line":201,"column":44}},{"start":{"line":201,"column":44},"end":{"line":201,"column":65}}]},"37":{"loc":{"start":{"line":213,"column":15},"end":{"line":213,"column":null}},"type":"binary-expr","locations":[{"start":{"line":213,"column":15},"end":{"line":213,"column":25}},{"start":{"line":213,"column":29},"end":{"line":213,"column":null}}]},"38":{"loc":{"start":{"line":215,"column":2},"end":{"line":217,"column":null}},"type":"if","locations":[{"start":{"line":215,"column":2},"end":{"line":217,"column":null}}]},"39":{"loc":{"start":{"line":215,"column":6},"end":{"line":215,"column":59}},"type":"binary-expr","locations":[{"start":{"line":215,"column":6},"end":{"line":215,"column":33}},{"start":{"line":215,"column":33},"end":{"line":215,"column":45}},{"start":{"line":215,"column":45},"end":{"line":215,"column":59}}]},"40":{"loc":{"start":{"line":219,"column":2},"end":{"line":221,"column":null}},"type":"if","locations":[{"start":{"line":219,"column":2},"end":{"line":221,"column":null}}]},"41":{"loc":{"start":{"line":223,"column":2},"end":{"line":225,"column":null}},"type":"if","locations":[{"start":{"line":223,"column":2},"end":{"line":225,"column":null}}]},"42":{"loc":{"start":{"line":228,"column":24},"end":{"line":230,"column":null}},"type":"cond-expr","locations":[{"start":{"line":229,"column":6},"end":{"line":229,"column":null}},{"start":{"line":230,"column":6},"end":{"line":230,"column":null}}]},"43":{"loc":{"start":{"line":229,"column":29},"end":{"line":229,"column":null}},"type":"cond-expr","locations":[{"start":{"line":229,"column":59},"end":{"line":229,"column":78}},{"start":{"line":229,"column":81},"end":{"line":229,"column":null}}]},"44":{"loc":{"start":{"line":232,"column":2},"end":{"line":234,"column":null}},"type":"if","locations":[{"start":{"line":232,"column":2},"end":{"line":234,"column":null}}]},"45":{"loc":{"start":{"line":232,"column":6},"end":{"line":232,"column":78}},"type":"binary-expr","locations":[{"start":{"line":232,"column":6},"end":{"line":232,"column":18}},{"start":{"line":232,"column":18},"end":{"line":232,"column":35}},{"start":{"line":232,"column":35},"end":{"line":232,"column":78}}]},"46":{"loc":{"start":{"line":236,"column":2},"end":{"line":238,"column":null}},"type":"if","locations":[{"start":{"line":236,"column":2},"end":{"line":238,"column":null}}]},"47":{"loc":{"start":{"line":236,"column":6},"end":{"line":236,"column":78}},"type":"binary-expr","locations":[{"start":{"line":236,"column":6},"end":{"line":236,"column":18}},{"start":{"line":236,"column":18},"end":{"line":236,"column":35}},{"start":{"line":236,"column":35},"end":{"line":236,"column":78}}]},"48":{"loc":{"start":{"line":247,"column":8},"end":{"line":247,"column":46}},"type":"cond-expr","locations":[{"start":{"line":247,"column":24},"end":{"line":247,"column":44}},{"start":{"line":247,"column":44},"end":{"line":247,"column":46}}]},"49":{"loc":{"start":{"line":257,"column":22},"end":{"line":257,"column":48}},"type":"binary-expr","locations":[{"start":{"line":257,"column":22},"end":{"line":257,"column":43}},{"start":{"line":257,"column":47},"end":{"line":257,"column":48}}]}},"s":{"0":0,"1":0,"2":0,"3":0,"4":0,"5":0,"6":0,"7":5,"8":4,"9":0,"10":0,"11":21,"12":0,"13":64,"14":0,"15":112,"16":0,"17":2,"18":40,"19":7,"20":1,"21":22,"22":208,"23":27,"24":792,"25":41,"26":0,"27":0,"28":1,"29":1,"30":3,"31":3,"32":3,"33":3,"34":2551,"35":1016,"36":3,"37":3,"38":3,"39":3,"40":3,"41":4,"42":4,"43":1,"44":3,"45":36,"46":36,"47":72,"48":0,"49":38,"50":0,"51":38,"52":2,"53":36,"54":2,"55":3,"56":3,"57":0,"58":0,"59":0,"60":0,"61":0,"62":0,"63":0,"64":0,"65":0,"66":0,"67":41,"68":3,"69":38,"70":38,"71":52,"72":38,"73":38,"74":0,"75":121,"76":7,"77":92,"78":0,"79":92,"80":0,"81":92,"82":0,"83":92,"84":64,"85":64,"86":58,"87":6,"88":0,"89":6,"90":0,"91":6,"92":1,"93":1,"94":0,"95":0,"96":1,"97":49,"98":838,"99":149,"100":689,"101":47,"102":847,"103":702,"104":9226,"105":586,"106":21,"107":0,"108":21,"109":378,"110":4,"111":27,"112":0,"113":4,"114":4,"115":4,"116":3,"117":51,"118":1,"119":1,"120":1,"121":18,"122":5,"123":5,"124":5,"125":5,"126":5,"127":1,"128":4,"129":1,"130":3,"131":0,"132":3,"133":3,"134":3,"135":1,"136":2,"137":0,"138":2,"139":2,"140":1,"141":18,"142":17,"143":0},"f":{"0":2551,"1":1016,"2":4,"3":36,"4":72,"5":38,"6":2,"7":3,"8":3,"9":0,"10":0,"11":0,"12":41,"13":52,"14":121,"15":7,"16":92,"17":64,"18":1,"19":49,"20":838,"21":47,"22":847,"23":702,"24":9226,"25":586,"26":21,"27":0,"28":378,"29":4,"30":27,"31":51,"32":1,"33":18,"34":5,"35":1,"36":18,"37":17,"38":0},"b":{"0":[2551,0],"1":[4,1],"2":[1],"3":[36],"4":[0],"5":[2],"6":[38,2],"7":[2,0],"8":[3,0],"9":[0],"10":[0],"11":[0],"12":[0,0],"13":[3],"14":[38],"15":[38],"16":[0,0,0],"17":[0],"18":[0],"19":[0],"20":[58],"21":[0],"22":[0],"23":[0],"24":[0,0],"25":[149],"26":[702,0],"27":[9226,700],"28":[21,0],"29":[0],"30":[3],"31":[3,0],"32":[3,48],"33":[0,1],"34":[1,0],"35":[1,0],"36":[18,1],"37":[5,3],"38":[1],"39":[5,5,4],"40":[1],"41":[0],"42":[2,1],"43":[2,0],"44":[1],"45":[3,2,2],"46":[0],"47":[2,1,1],"48":[1,1],"49":[1,0]}}
}
