TN:
SF:components\progress-bar.tsx
FN:17,ProgressBar
FN:60,ProgressRing
FNF:2
FNH:2
FNDA:4,ProgressBar
FNDA:2,ProgressRing
DA:1,1
DA:5,1
DA:11,1
DA:17,4
DA:33,4
DA:60,2
DA:71,2
LF:7
LH:7
BRDA:21,0,0,4
BRDA:22,1,0,4
BRDA:37,2,0,4
BRDA:37,2,1,0
BRDA:39,3,0,4
BRDA:40,4,0,4
BRDA:48,5,0,4
BRDA:48,5,1,0
BRDA:49,6,0,0
BRDA:49,6,1,4
BRDA:63,7,0,2
BRDA:64,8,0,2
BRDA:93,9,0,2
BRF:13
BRH:10
end_of_record
TN:
SF:components\stat-card.tsx
FN:15,StatCard
FNF:1
FNH:1
FNDA:3,StatCard
DA:3,1
DA:4,1
DA:8,1
DA:15,3
LF:4
LH:4
BRDA:20,0,0,3
BRDA:33,1,0,3
BRDA:41,2,0,3
BRF:3
BRH:3
end_of_record
TN:
SF:components\ui\card.tsx
FN:18,Card
FN:32,CardHeader
FN:63,CardBody
FNF:3
FNH:1
FNDA:3,Card
FNDA:0,CardHeader
FNDA:0,CardBody
DA:3,1
DA:11,1
DA:18,3
DA:32,0
DA:63,0
LF:5
LH:3
BRDA:18,0,0,3
BRDA:24,1,0,3
BRDA:24,1,1,0
BRDA:48,2,0,0
BRDA:55,3,0,0
BRDA:58,4,0,0
BRF:6
BRH:2
end_of_record
TN:
SF:lib\mockData.ts
FN:153,(anonymous_9)
FN:170,(anonymous_10)
FN:195,(anonymous_11)
FN:208,getProgramTaskTemplates
FN:209,(anonymous_13)
FN:214,(anonymous_14)
FN:218,buildTaskCompletions
FN:220,(anonymous_16)
FN:221,(anonymous_17)
FN:222,(anonymous_18)
FN:258,buildMessages
FN:259,(anonymous_20)
FN:306,buildSignals
FN:310,buildDirectMessages
FN:311,(anonymous_23)
FN:334,buildAnnouncements
FN:349,createInitialState
FN:353,(anonymous_26)
FN:354,(anonymous_27)
FNF:19
FNH:19
FNDA:18,(anonymous_9)
FNDA:18,(anonymous_10)
FNDA:18,(anonymous_11)
FNDA:4,getProgramTaskTemplates
FNDA:72,(anonymous_13)
FNDA:36,(anonymous_14)
FNDA:67,buildTaskCompletions
FNDA:1139,(anonymous_16)
FNDA:268,(anonymous_17)
FNDA:938,(anonymous_18)
FNDA:67,buildMessages
FNDA:335,(anonymous_20)
FNDA:67,buildSignals
FNDA:67,buildDirectMessages
FNDA:134,(anonymous_23)
FNDA:67,buildAnnouncements
FNDA:67,createInitialState
FNDA:335,(anonymous_26)
FNDA:1206,(anonymous_27)
DA:16,7
DA:18,10
DA:20,6
DA:21,10
DA:23,6
DA:25,6
DA:31,6
DA:48,6
DA:57,6
DA:153,18
DA:170,18
DA:195,18
DA:208,4
DA:209,72
DA:214,36
DA:219,67
DA:220,1139
DA:221,67
DA:222,938
DA:229,67
DA:259,67
DA:260,335
DA:262,67
DA:307,67
DA:311,67
DA:312,134
DA:314,67
DA:335,67
DA:346,6
DA:349,67
DA:350,67
DA:353,335
DA:354,1206
LF:33
LH:33
BRDA:214,0,0,12
BRDA:214,0,1,60
BRDA:349,1,0,52
BRF:3
BRH:3
end_of_record
TN:
SF:lib\storage.ts
FN:5,createId
FNF:1
FNH:1
FNDA:72,createId
DA:5,72
DA:6,72
LF:2
LH:2
BRF:0
BRH:0
end_of_record
TN:
SF:lib\utils.ts
FN:10,cn
FN:16,(anonymous_19)
FN:25,(anonymous_20)
FN:36,(anonymous_21)
FN:41,formatScore
FN:46,formatDelta
FN:51,isIsoDate
FN:55,todayIsoDate
FN:63,programDayFromStartDate
FN:78,formatProgramDate
FN:88,formatWeekRange
FN:102,getProgramWeekdayLabels
FN:107,getProgramCalendarOffset
FN:117,formatTime
FN:122,formatRelativeTime
FN:140,toDative
FN:153,isFeminineName
FN:158,pluralize
FN:168,clamp
FN:172,average
FN:174,(anonymous_38)
FNF:21
FNH:19
FNDA:22,cn
FNDA:55,(anonymous_19)
FNDA:2,(anonymous_20)
FNDA:53,(anonymous_21)
FNDA:3,formatScore
FNDA:3,formatDelta
FNDA:2,isIsoDate
FNDA:2,todayIsoDate
FNDA:7,programDayFromStartDate
FNDA:0,formatProgramDate
FNDA:0,formatWeekRange
FNDA:2,getProgramWeekdayLabels
FNDA:3,getProgramCalendarOffset
FNDA:1,formatTime
FNDA:5,formatRelativeTime
FNDA:6,toDative
FNDA:3,isFeminineName
FNDA:7,pluralize
FNDA:3,clamp
FNDA:4,average
FNDA:8,(anonymous_38)
DA:10,22
DA:14,22
DA:16,22
DA:17,55
DA:19,42
DA:20,40
DA:21,40
DA:24,2
DA:25,2
DA:26,1
DA:29,1
DA:30,1
DA:31,2
DA:36,53
DA:37,22
DA:41,3
DA:42,3
DA:43,2
DA:46,3
DA:47,3
DA:48,3
DA:51,2
DA:52,2
DA:55,2
DA:56,2
DA:57,2
DA:58,2
DA:59,2
DA:63,7
DA:68,7
DA:69,7
DA:71,7
DA:72,7
DA:73,7
DA:74,7
DA:78,0
DA:79,0
DA:81,0
DA:82,0
DA:84,0
DA:85,0
DA:88,0
DA:93,0
DA:94,0
DA:95,0
DA:96,0
DA:99,6
DA:102,2
DA:103,2
DA:107,3
DA:108,3
DA:110,2
DA:111,2
DA:113,2
DA:114,2
DA:117,1
DA:118,1
DA:119,1
DA:122,5
DA:123,5
DA:125,5
DA:126,4
DA:128,3
DA:129,3
DA:131,2
DA:132,2
DA:133,1
DA:140,6
DA:141,6
DA:142,6
DA:144,5
DA:145,4
DA:146,2
DA:147,1
DA:149,0
DA:153,3
DA:154,3
DA:158,7
DA:159,7
DA:160,7
DA:162,7
DA:163,6
DA:164,4
DA:165,2
DA:168,3
DA:169,3
DA:172,4
DA:173,4
DA:174,8
DA:175,3
LF:90
LH:78
BRDA:17,0,0,13
BRDA:19,1,0,40
BRDA:19,2,0,42
BRDA:19,2,1,2
BRDA:24,3,0,1
BRDA:29,4,0,1
BRDA:31,5,0,1
BRDA:42,6,0,1
BRDA:43,7,0,1
BRDA:43,7,1,1
BRDA:48,8,0,1
BRDA:48,8,1,2
BRDA:55,9,0,2
BRDA:66,10,0,4
BRDA:69,11,0,0
BRDA:69,12,0,7
BRDA:69,12,1,7
BRDA:69,12,2,7
BRDA:79,13,0,0
BRDA:79,14,0,0
BRDA:79,14,1,0
BRDA:79,14,2,0
BRDA:82,15,0,0
BRDA:82,16,0,0
BRDA:82,16,1,0
BRDA:82,16,2,0
BRDA:95,17,0,0
BRDA:95,18,0,0
BRDA:95,18,1,0
BRDA:108,19,0,1
BRDA:111,20,0,0
BRDA:111,21,0,2
BRDA:111,21,1,2
BRDA:111,21,2,2
BRDA:114,22,0,0
BRDA:114,22,1,2
BRDA:125,23,0,1
BRDA:126,24,0,1
BRDA:129,25,0,1
BRDA:132,26,0,1
BRDA:142,27,0,1
BRDA:144,28,0,1
BRDA:145,29,0,2
BRDA:146,30,0,1
BRDA:147,31,0,1
BRDA:162,32,0,1
BRDA:162,33,0,7
BRDA:162,33,1,2
BRDA:163,34,0,2
BRDA:164,35,0,2
BRDA:164,36,0,4
BRDA:164,36,1,3
BRDA:173,37,0,1
BRF:53
BRH:39
end_of_record
TN:
SF:lib\services\accountService.ts
FN:1,sanitizeName
FN:5,sanitizeLogin
FN:9,validateName
FN:15,validateLogin
FN:22,validatePassword
FN:29,validatePasswordConfirm
FN:34,errorText
FN:41,(anonymous_15)
FN:48,accountErrorMessage
FNF:9
FNH:9
FNDA:1,sanitizeName
FNDA:2,sanitizeLogin
FNDA:2,validateName
FNDA:2,validateLogin
FNDA:2,validatePassword
FNDA:2,validatePasswordConfirm
FNDA:6,errorText
FNDA:6,(anonymous_15)
FNDA:6,accountErrorMessage
DA:1,1
DA:2,1
DA:5,2
DA:6,2
DA:9,2
DA:10,2
DA:11,1
DA:12,1
DA:15,2
DA:16,2
DA:17,1
DA:19,1
DA:22,2
DA:23,2
DA:24,1
DA:26,1
DA:29,2
DA:30,2
DA:31,1
DA:35,6
DA:36,6
DA:38,2
DA:39,2
DA:40,2
DA:41,6
DA:45,0
DA:48,6
DA:49,6
DA:51,6
DA:52,5
DA:53,5
DA:54,5
DA:55,5
DA:56,3
DA:57,2
DA:58,1
DA:59,1
DA:60,1
DA:61,1
DA:62,1
DA:63,1
DA:65,0
LF:42
LH:40
BRDA:10,0,0,1
BRDA:11,1,0,0
BRDA:16,2,0,1
BRDA:23,3,0,1
BRDA:23,4,0,2
BRDA:23,4,1,1
BRDA:30,5,0,1
BRDA:35,6,0,0
BRDA:36,7,0,4
BRDA:38,8,0,2
BRDA:38,9,0,2
BRDA:38,9,1,2
BRDA:41,10,0,6
BRDA:41,10,1,1
BRDA:51,11,0,1
BRDA:52,12,0,0
BRDA:53,13,0,0
BRDA:54,14,0,0
BRDA:55,15,0,2
BRDA:56,16,0,1
BRDA:57,17,0,1
BRDA:58,18,0,0
BRDA:59,19,0,0
BRDA:60,20,0,0
BRDA:61,21,0,0
BRDA:62,22,0,0
BRDA:63,23,0,1
BRDA:63,24,0,1
BRDA:63,24,1,0
BRF:29
BRH:18
end_of_record
TN:
SF:lib\services\groupService.ts
FN:18,isDemoGroup
FN:22,isGroupArchived
FN:26,isEnrollmentOpen
FN:31,createGroup
FN:57,createRoom
FN:94,(anonymous_29)
FN:119,rotateInviteCode
FN:126,isValidInviteCode
FN:134,joinGroup
FN:157,(anonymous_33)
FN:185,signOut
FN:190,switchRole
FN:191,(anonymous_36)
FN:197,setCurrentUser
FN:198,(anonymous_38)
FN:204,updateWeeklyGoal
FN:216,setEnrollmentOpen
FN:224,archiveGroup
FN:236,unarchiveGroup
FN:248,updateCurrentUserProfile
FN:260,(anonymous_44)
FN:273,removeParticipant
FN:274,(anonymous_46)
FN:279,(anonymous_47)
FN:280,(anonymous_48)
FN:281,(anonymous_49)
FN:283,(anonymous_50)
FN:285,(anonymous_51)
FN:287,(anonymous_52)
FN:289,(anonymous_53)
FN:290,(anonymous_54)
FN:302,getCurrentUser
FN:304,(anonymous_56)
FN:307,getUserById
FN:308,(anonymous_58)
FN:311,getParticipants
FN:312,(anonymous_60)
FN:315,getCurator
FN:316,(anonymous_62)
FN:320,getParticipantDay
FNF:40
FNH:30
FNDA:0,isDemoGroup
FNDA:4,isGroupArchived
FNDA:6,isEnrollmentOpen
FNDA:3,createGroup
FNDA:3,createRoom
FNDA:54,(anonymous_29)
FNDA:1,rotateInviteCode
FNDA:7,isValidInviteCode
FNDA:7,joinGroup
FNDA:16,(anonymous_33)
FNDA:1,signOut
FNDA:2,switchRole
FNDA:5,(anonymous_36)
FNDA:2,setCurrentUser
FNDA:2,(anonymous_38)
FNDA:1,updateWeeklyGoal
FNDA:1,setEnrollmentOpen
FNDA:1,archiveGroup
FNDA:0,unarchiveGroup
FNDA:0,updateCurrentUserProfile
FNDA:0,(anonymous_44)
FNDA:1,removeParticipant
FNDA:2,(anonymous_46)
FNDA:5,(anonymous_47)
FNDA:17,(anonymous_48)
FNDA:5,(anonymous_49)
FNDA:2,(anonymous_50)
FNDA:0,(anonymous_51)
FNDA:0,(anonymous_52)
FNDA:0,(anonymous_53)
FNDA:0,(anonymous_54)
FNDA:5,getCurrentUser
FNDA:1,(anonymous_56)
FNDA:0,getUserById
FNDA:0,(anonymous_58)
FNDA:12,getParticipants
FNDA:60,(anonymous_60)
FNDA:1,getCurator
FNDA:1,(anonymous_62)
FNDA:22,getParticipantDay
DA:1,3
DA:2,3
DA:4,3
DA:5,3
DA:18,0
DA:19,0
DA:22,0
DA:23,4
DA:26,2
DA:27,6
DA:31,3
DA:33,3
DA:36,3
DA:37,3
DA:44,3
DA:53,3
DA:57,3
DA:58,3
DA:59,3
DA:60,3
DA:61,3
DA:62,3
DA:63,3
DA:65,3
DA:69,3
DA:86,3
DA:94,54
DA:100,3
DA:119,1
DA:120,1
DA:126,2
DA:127,7
DA:134,7
DA:138,7
DA:140,7
DA:141,1
DA:144,6
DA:145,1
DA:148,5
DA:149,1
DA:152,4
DA:153,1
DA:156,3
DA:157,16
DA:160,3
DA:161,1
DA:167,2
DA:175,2
DA:185,1
DA:186,1
DA:190,2
DA:191,5
DA:192,2
DA:194,1
DA:197,2
DA:198,2
DA:199,2
DA:201,2
DA:204,1
DA:205,1
DA:207,1
DA:216,1
DA:217,1
DA:218,1
DA:224,1
DA:225,1
DA:226,1
DA:236,0
DA:237,0
DA:238,0
DA:248,0
DA:252,0
DA:253,0
DA:255,0
DA:256,0
DA:258,0
DA:261,0
DA:273,1
DA:274,2
DA:275,1
DA:277,1
DA:279,5
DA:280,17
DA:281,5
DA:283,2
DA:285,0
DA:287,0
DA:289,0
DA:290,0
DA:295,3
DA:302,2
DA:303,5
DA:304,1
DA:307,0
DA:308,0
DA:311,12
DA:312,60
DA:315,1
DA:316,1
DA:320,22
DA:321,22
LF:101
LH:82
BRDA:27,0,0,6
BRDA:27,0,1,3
BRDA:33,1,0,1
BRDA:33,1,1,2
BRDA:33,2,0,3
BRDA:33,2,1,1
BRDA:38,3,0,1
BRDA:38,3,1,2
BRDA:38,4,0,3
BRDA:38,4,1,1
BRDA:46,5,0,3
BRDA:46,5,1,0
BRDA:47,6,0,3
BRDA:47,6,1,1
BRDA:60,7,0,3
BRDA:60,7,1,0
BRDA:62,8,0,3
BRDA:62,8,1,0
BRDA:62,9,0,3
BRDA:62,9,1,0
BRDA:62,9,2,0
BRDA:65,10,0,1
BRDA:65,10,1,2
BRDA:65,11,0,3
BRDA:65,11,1,1
BRDA:71,12,0,3
BRDA:71,12,1,0
BRDA:72,13,0,3
BRDA:72,13,1,1
BRDA:90,14,0,0
BRDA:90,14,1,3
BRDA:90,15,0,0
BRDA:90,15,1,0
BRDA:119,16,0,0
BRDA:140,17,0,1
BRDA:144,18,0,1
BRDA:148,19,0,1
BRDA:152,20,0,1
BRDA:157,21,0,16
BRDA:157,21,1,1
BRDA:160,22,0,1
BRDA:171,23,0,0
BRDA:171,23,1,2
BRDA:192,24,0,1
BRDA:199,25,0,0
BRDA:205,26,0,0
BRDA:217,27,0,0
BRDA:217,28,0,1
BRDA:217,28,1,0
BRDA:225,29,0,0
BRDA:237,30,0,0
BRDA:253,31,0,0
BRDA:261,32,0,0
BRDA:261,32,1,0
BRDA:264,33,0,0
BRDA:264,33,1,0
BRDA:264,34,0,0
BRDA:264,34,1,0
BRDA:265,35,0,0
BRDA:265,35,1,0
BRDA:275,36,0,0
BRDA:275,37,0,1
BRDA:275,37,1,1
BRDA:280,38,0,1
BRDA:280,38,1,0
BRDA:281,39,0,1
BRDA:281,39,1,0
BRDA:282,40,0,1
BRDA:282,40,1,0
BRDA:283,41,0,2
BRDA:283,41,1,1
BRDA:285,42,0,1
BRDA:285,42,1,0
BRDA:286,43,0,1
BRDA:286,43,1,0
BRDA:289,44,0,1
BRDA:289,44,1,0
BRDA:290,45,0,1
BRDA:290,45,1,0
BRDA:291,46,0,0
BRDA:291,46,1,1
BRDA:303,47,0,4
BRDA:304,48,0,1
BRDA:304,48,1,0
BRF:84
BRH:48
end_of_record
TN:
SF:lib\services\inviteCode.ts
FN:5,generateInviteCode
FN:6,(anonymous_4)
FN:14,normalizeInviteCode
FNF:3
FNH:3
FNDA:1,generateInviteCode
FNDA:4,(anonymous_4)
FNDA:20,normalizeInviteCode
DA:2,4
DA:5,1
DA:6,1
DA:7,4
DA:8,4
DA:11,1
DA:14,20
DA:15,20
LF:8
LH:8
BRF:0
BRH:0
end_of_record
TN:
SF:lib\services\statsService.ts
FN:30,countOverdueTasks
FN:33,(anonymous_15)
FN:40,countClosedWeeks
FN:47,(anonymous_17)
FN:55,getParticipantStats
FN:56,(anonymous_19)
FN:62,buildStats
FN:67,(anonymous_21)
FN:70,(anonymous_22)
FN:96,buildWarnings
FN:100,(anonymous_24)
FN:111,(anonymous_25)
FN:124,resolveStatus
FN:125,(anonymous_27)
FN:131,getAllParticipantStats
FN:132,(anonymous_29)
FN:145,getGroupStats
FN:151,(anonymous_31)
FN:153,(anonymous_32)
FN:154,(anonymous_33)
FN:155,(anonymous_34)
FN:162,getWeekGoalProgress
FN:167,(anonymous_36)
FN:168,(anonymous_37)
FN:179,compareStepResponses
FN:184,(anonymous_39)
FN:230,getWeekStepAnswerTracking
FN:236,(anonymous_41)
FN:238,(anonymous_42)
FN:248,(anonymous_43)
FN:249,(anonymous_44)
FN:256,(anonymous_45)
FN:261,getWeekRequiredStepTracking
FN:268,(anonymous_47)
FN:270,(anonymous_48)
FN:278,(anonymous_49)
FN:283,(anonymous_50)
FN:293,summarizeWeekTracking
FN:323,countSilentAnswerWeeks
FN:333,(anonymous_53)
FN:341,getSilentStepParticipants
FN:347,(anonymous_55)
FN:351,(anonymous_56)
FN:352,(anonymous_57)
FN:355,getParticipantWeekStepAnswers
FN:366,(anonymous_59)
FN:378,getParticipantWeekRequiredProgress
FN:384,(anonymous_61)
FN:389,statusLabel
FNF:49
FNH:41
FNDA:21,countOverdueTasks
FNDA:378,(anonymous_15)
FNDA:21,countClosedWeeks
FNDA:57,(anonymous_17)
FNDA:15,getParticipantStats
FNDA:41,(anonymous_19)
FNDA:21,buildStats
FNDA:378,(anonymous_21)
FNDA:115,(anonymous_22)
FNDA:21,buildWarnings
FNDA:0,(anonymous_24)
FNDA:0,(anonymous_25)
FNDA:21,resolveStatus
FNDA:2,(anonymous_27)
FNDA:2,getAllParticipantStats
FNDA:8,(anonymous_29)
FNDA:1,getGroupStats
FNDA:4,(anonymous_31)
FNDA:4,(anonymous_32)
FNDA:4,(anonymous_33)
FNDA:4,(anonymous_34)
FNDA:2,getWeekGoalProgress
FNDA:10,(anonymous_36)
FNDA:10,(anonymous_37)
FNDA:18,compareStepResponses
FNDA:36,(anonymous_39)
FNDA:3,getWeekStepAnswerTracking
FNDA:3,(anonymous_41)
FNDA:12,(anonymous_42)
FNDA:18,(anonymous_43)
FNDA:12,(anonymous_44)
FNDA:12,(anonymous_45)
FNDA:5,getWeekRequiredStepTracking
FNDA:25,(anonymous_47)
FNDA:100,(anonymous_48)
FNDA:146,(anonymous_49)
FNDA:100,(anonymous_50)
FNDA:1,summarizeWeekTracking
FNDA:4,countSilentAnswerWeeks
FNDA:4,(anonymous_53)
FNDA:1,getSilentStepParticipants
FNDA:4,(anonymous_55)
FNDA:4,(anonymous_56)
FNDA:0,(anonymous_57)
FNDA:0,getParticipantWeekStepAnswers
FNDA:0,(anonymous_59)
FNDA:0,getParticipantWeekRequiredProgress
FNDA:0,(anonymous_61)
FNDA:0,statusLabel
DA:1,2
DA:11,2
DA:12,2
DA:24,2
DA:31,21
DA:32,21
DA:34,378
DA:41,21
DA:42,21
DA:43,21
DA:45,21
DA:46,27
DA:47,57
DA:48,3
DA:52,21
DA:55,15
DA:56,41
DA:57,15
DA:59,13
DA:63,21
DA:64,21
DA:65,21
DA:66,21
DA:67,378
DA:69,21
DA:70,21
DA:71,115
DA:73,21
DA:74,21
DA:75,21
DA:77,21
DA:79,21
DA:97,21
DA:99,21
DA:100,0
DA:103,21
DA:104,2
DA:110,21
DA:111,0
DA:114,21
DA:115,0
DA:121,21
DA:125,21
DA:126,21
DA:127,19
DA:131,1
DA:132,8
DA:145,1
DA:146,1
DA:148,1
DA:151,4
DA:153,4
DA:154,4
DA:155,4
DA:162,2
DA:166,2
DA:167,10
DA:168,10
DA:170,2
DA:173,2
DA:184,18
DA:185,36
DA:186,27
DA:187,15
DA:190,18
DA:191,18
DA:192,3
DA:230,3
DA:234,3
DA:236,3
DA:237,3
DA:239,12
DA:240,12
DA:248,18
DA:249,12
DA:251,3
DA:256,12
DA:261,3
DA:265,5
DA:266,5
DA:268,5
DA:269,25
DA:271,100
DA:272,100
DA:279,146
DA:280,106
DA:283,100
DA:284,25
DA:293,1
DA:297,1
DA:298,1
DA:299,1
DA:301,1
DA:302,1
DA:303,4
DA:304,4
DA:305,1
DA:310,1
DA:311,5
DA:312,20
DA:316,1
DA:323,0
DA:328,4
DA:330,4
DA:331,4
DA:332,4
DA:333,4
DA:334,4
DA:335,1
DA:338,4
DA:341,1
DA:346,1
DA:347,4
DA:351,4
DA:352,0
DA:355,0
DA:366,0
DA:367,0
DA:368,0
DA:378,0
DA:383,0
DA:384,0
DA:385,0
DA:389,0
DA:390,0
DA:391,0
DA:394,0
LF:127
LH:110
BRDA:34,0,0,378
BRDA:34,0,1,210
BRDA:34,0,2,18
BRDA:47,1,0,3
BRDA:47,2,0,27
BRDA:47,2,1,27
BRDA:57,3,0,2
BRDA:67,4,0,378
BRDA:67,4,1,210
BRDA:74,5,0,21
BRDA:74,5,1,0
BRDA:100,6,0,0
BRDA:100,6,1,0
BRDA:103,7,0,2
BRDA:103,8,0,21
BRDA:103,8,1,21
BRDA:106,9,0,0
BRDA:106,9,1,2
BRDA:106,10,0,0
BRDA:106,10,1,2
BRDA:111,11,0,0
BRDA:111,11,1,0
BRDA:114,12,0,0
BRDA:117,13,0,0
BRDA:117,13,1,0
BRDA:125,14,0,0
BRDA:126,15,0,2
BRDA:126,16,0,21
BRDA:126,16,1,19
BRDA:150,17,0,1
BRDA:150,17,1,0
BRDA:164,18,0,0
BRDA:185,19,0,9
BRDA:185,20,0,36
BRDA:185,20,1,24
BRDA:186,21,0,12
BRDA:191,22,0,15
BRDA:232,23,0,0
BRDA:263,24,0,0
BRDA:279,25,0,40
BRDA:279,26,0,24
BRDA:279,26,1,16
BRDA:303,27,0,1
BRDA:304,28,0,1
BRDA:304,29,0,4
BRDA:304,29,1,3
BRDA:312,30,0,9
BRDA:326,31,0,0
BRDA:332,32,0,0
BRDA:334,33,0,3
BRDA:343,34,0,0
BRDA:344,35,0,1
BRDA:352,36,0,0
BRDA:352,36,1,0
BRDA:358,37,0,0
BRDA:381,38,0,0
BRDA:390,39,0,0
BRDA:391,40,0,0
BRDA:391,40,1,0
BRF:59
BRH:34
end_of_record
TN:
SF:lib\services\summaryService.ts
FN:11,buildSummary
FN:24,buildAchievements
FN:30,(anonymous_8)
FN:31,(anonymous_9)
FN:32,(anonymous_10)
FN:33,(anonymous_11)
FN:35,(anonymous_12)
FN:51,getSummaryReflection
FN:52,(anonymous_14)
FN:55,clip
FN:59,saveSummaryReflection
FN:64,(anonymous_17)
FN:76,(anonymous_18)
FN:81,(anonymous_19)
FN:86,hasReflectionText
FNF:15
FNH:11
FNDA:5,buildSummary
FNDA:4,buildAchievements
FNDA:8,(anonymous_8)
FNDA:0,(anonymous_9)
FNDA:8,(anonymous_10)
FNDA:0,(anonymous_11)
FNDA:24,(anonymous_12)
FNDA:2,getSummaryReflection
FNDA:1,(anonymous_14)
FNDA:3,clip
FNDA:1,saveSummaryReflection
FNDA:2,(anonymous_17)
FNDA:0,(anonymous_18)
FNDA:0,(anonymous_19)
FNDA:1,hasReflectionText
DA:1,1
DA:3,1
DA:4,1
DA:6,2
DA:11,5
DA:12,5
DA:13,5
DA:15,4
DA:25,4
DA:26,4
DA:27,4
DA:29,4
DA:30,8
DA:31,0
DA:32,8
DA:33,4
DA:34,4
DA:35,24
DA:38,4
DA:51,1
DA:52,2
DA:56,3
DA:59,1
DA:64,2
DA:66,1
DA:75,1
DA:76,1
DA:78,1
DA:81,0
DA:86,1
DA:87,1
DA:88,1
LF:32
LH:30
BRDA:13,0,0,1
BRDA:29,1,0,4
BRDA:29,1,1,0
BRDA:31,2,0,0
BRDA:31,2,1,0
BRDA:32,3,0,4
BRDA:32,3,1,0
BRDA:33,4,0,4
BRDA:33,4,1,0
BRDA:35,5,0,24
BRDA:35,5,1,4
BRDA:43,6,0,4
BRDA:43,6,1,0
BRDA:52,7,0,2
BRDA:52,7,1,0
BRDA:64,8,0,0
BRDA:67,9,0,1
BRDA:67,9,1,1
BRDA:75,10,0,1
BRDA:75,10,1,0
BRDA:80,11,0,0
BRDA:80,11,1,1
BRDA:81,12,0,0
BRDA:81,12,1,0
BRDA:87,13,0,0
BRDA:88,14,0,1
BRDA:88,14,1,0
BRDA:88,14,2,0
BRF:28
BRH:13
end_of_record
TN:
SF:lib\services\supportService.ts
FN:4,getActiveSignals
FN:5,(anonymous_7)
FN:8,getSignalsForUser
FN:9,(anonymous_9)
FN:12,sendSupportSignal
FN:30,resolveSignalsForUser
FN:33,(anonymous_12)
FN:47,resolveAttentionForUser
FN:56,(anonymous_14)
FN:57,(anonymous_15)
FN:68,(anonymous_16)
FNF:11
FNH:10
FNDA:22,getActiveSignals
FNDA:0,(anonymous_7)
FNDA:25,getSignalsForUser
FNDA:6,(anonymous_9)
FNDA:3,sendSupportSignal
FNDA:1,resolveSignalsForUser
FNDA:1,(anonymous_12)
FNDA:2,resolveAttentionForUser
FNDA:4,(anonymous_14)
FNDA:3,(anonymous_15)
FNDA:1,(anonymous_16)
DA:1,3
DA:4,22
DA:5,22
DA:8,25
DA:9,25
DA:12,3
DA:18,3
DA:27,3
DA:30,1
DA:31,1
DA:34,1
DA:47,2
DA:48,2
DA:50,2
DA:51,2
DA:52,1
DA:55,2
DA:56,4
DA:57,3
DA:66,2
DA:68,1
LF:21
LH:21
BRDA:16,0,0,0
BRDA:34,1,0,1
BRDA:34,1,1,0
BRDA:52,2,0,1
BRDA:68,3,0,1
BRDA:68,3,1,0
BRF:6
BRH:3
end_of_record
TN:
SF:lib\services\taskService.ts
FN:26,getTaskKind
FN:30,isRequiredTask
FN:49,normalizeAnswerNote
FN:55,defaultAnswerOptions
FN:56,(anonymous_35)
FN:60,getTaskAnswerOptions
FN:68,normalizeAnswerOptions
FN:70,(anonymous_38)
FN:75,(anonymous_39)
FN:78,getAnswerLabel
FN:81,(anonymous_41)
FN:84,(anonymous_42)
FN:88,needsCuratorAttention
FN:91,(anonymous_44)
FN:97,isAnswerTask
FN:101,getWeekAnswerTasks
FN:105,getWeekCount
FN:112,getProgramWeek
FN:120,getWeekBounds
FN:130,getTasks
FN:131,(anonymous_51)
FN:137,getTasksByWeek
FN:138,(anonymous_53)
FN:141,getTaskCompletion
FN:147,(anonymous_55)
FN:151,hasCompletedTask
FN:155,getCompletedTaskCount
FN:156,(anonymous_58)
FN:157,(anonymous_59)
FN:160,completeWeekTask
FN:167,(anonymous_61)
FN:174,(anonymous_62)
FN:197,undoWeekTask
FN:201,(anonymous_64)
FN:206,addTask
FN:253,removeTask
FN:256,(anonymous_67)
FN:257,(anonymous_68)
FN:261,getCurrentWeek
FNF:39
FNH:34
FNDA:2551,getTaskKind
FNDA:1016,isRequiredTask
FNDA:4,normalizeAnswerNote
FNDA:36,defaultAnswerOptions
FNDA:72,(anonymous_35)
FNDA:38,getTaskAnswerOptions
FNDA:2,normalizeAnswerOptions
FNDA:3,(anonymous_38)
FNDA:3,(anonymous_39)
FNDA:0,getAnswerLabel
FNDA:0,(anonymous_41)
FNDA:0,(anonymous_42)
FNDA:41,needsCuratorAttention
FNDA:52,(anonymous_44)
FNDA:121,isAnswerTask
FNDA:7,getWeekAnswerTasks
FNDA:92,getWeekCount
FNDA:64,getProgramWeek
FNDA:1,getWeekBounds
FNDA:49,getTasks
FNDA:838,(anonymous_51)
FNDA:47,getTasksByWeek
FNDA:847,(anonymous_53)
FNDA:702,getTaskCompletion
FNDA:9226,(anonymous_55)
FNDA:586,hasCompletedTask
FNDA:21,getCompletedTaskCount
FNDA:0,(anonymous_58)
FNDA:378,(anonymous_59)
FNDA:4,completeWeekTask
FNDA:27,(anonymous_61)
FNDA:51,(anonymous_62)
FNDA:1,undoWeekTask
FNDA:18,(anonymous_64)
FNDA:5,addTask
FNDA:1,removeTask
FNDA:18,(anonymous_67)
FNDA:17,(anonymous_68)
FNDA:0,getCurrentWeek
DA:1,3
DA:12,3
DA:14,3
DA:20,3
DA:26,0
DA:27,2551
DA:30,792
DA:31,1016
DA:34,3
DA:39,3
DA:45,3
DA:46,3
DA:47,3
DA:49,0
DA:50,4
DA:51,4
DA:52,3
DA:55,0
DA:56,72
DA:57,0
DA:60,0
DA:61,38
DA:62,38
DA:63,2
DA:65,36
DA:68,0
DA:69,2
DA:70,3
DA:75,3
DA:78,0
DA:79,0
DA:80,0
DA:81,0
DA:82,0
DA:84,0
DA:85,0
DA:88,41
DA:89,41
DA:90,38
DA:91,52
DA:92,38
DA:94,0
DA:97,27
DA:98,121
DA:101,7
DA:102,7
DA:105,22
DA:106,92
DA:107,92
DA:108,92
DA:109,92
DA:112,64
DA:113,64
DA:114,64
DA:115,6
DA:116,6
DA:117,6
DA:120,1
DA:121,1
DA:122,1
DA:123,0
DA:124,0
DA:127,1
DA:130,2
DA:131,49
DA:132,838
DA:133,689
DA:137,40
DA:138,847
DA:141,112
DA:146,702
DA:147,9226
DA:151,208
DA:152,586
DA:155,21
DA:156,21
DA:157,378
DA:160,4
DA:167,27
DA:169,4
DA:170,4
DA:171,4
DA:172,3
DA:175,51
DA:182,1
DA:191,1
DA:197,1
DA:198,1
DA:201,18
DA:206,5
DA:210,5
DA:211,5
DA:212,5
DA:213,5
DA:215,5
DA:216,1
DA:219,4
DA:220,1
DA:223,3
DA:224,0
DA:227,3
DA:228,3
DA:232,3
DA:233,1
DA:236,2
DA:237,0
DA:240,2
DA:250,2
DA:253,1
DA:254,1
DA:256,18
DA:257,17
DA:261,0
DA:262,0
LF:114
LH:94
BRDA:27,0,0,2551
BRDA:27,0,1,0
BRDA:50,1,0,4
BRDA:50,1,1,1
BRDA:51,2,0,1
BRDA:56,3,0,36
BRDA:61,4,0,0
BRDA:62,5,0,2
BRDA:62,6,0,38
BRDA:62,6,1,2
BRDA:69,7,0,2
BRDA:69,7,1,0
BRDA:71,8,0,3
BRDA:71,8,1,0
BRDA:79,9,0,0
BRDA:80,10,0,0
BRDA:82,11,0,0
BRDA:85,12,0,0
BRDA:85,12,1,0
BRDA:89,13,0,3
BRDA:90,14,0,38
BRDA:92,15,0,38
BRDA:94,16,0,0
BRDA:94,16,1,0
BRDA:94,16,2,0
BRDA:106,17,0,0
BRDA:107,18,0,0
BRDA:108,19,0,0
BRDA:114,20,0,58
BRDA:115,21,0,0
BRDA:116,22,0,0
BRDA:122,23,0,0
BRDA:123,24,0,0
BRDA:123,24,1,0
BRDA:132,25,0,149
BRDA:146,26,0,702
BRDA:146,26,1,0
BRDA:147,27,0,9226
BRDA:147,27,1,700
BRDA:156,28,0,21
BRDA:156,28,1,0
BRDA:167,29,0,0
BRDA:171,30,0,3
BRDA:174,31,0,3
BRDA:174,31,1,0
BRDA:175,32,0,3
BRDA:175,32,1,48
BRDA:188,33,0,0
BRDA:188,33,1,1
BRDA:193,34,0,1
BRDA:193,34,1,0
BRDA:200,35,0,1
BRDA:200,35,1,0
BRDA:201,36,0,18
BRDA:201,36,1,1
BRDA:213,37,0,5
BRDA:213,37,1,3
BRDA:215,38,0,1
BRDA:215,39,0,5
BRDA:215,39,1,5
BRDA:215,39,2,4
BRDA:219,40,0,1
BRDA:223,41,0,0
BRDA:228,42,0,2
BRDA:228,42,1,1
BRDA:229,43,0,2
BRDA:229,43,1,0
BRDA:232,44,0,1
BRDA:232,45,0,3
BRDA:232,45,1,2
BRDA:232,45,2,2
BRDA:236,46,0,0
BRDA:236,47,0,2
BRDA:236,47,1,1
BRDA:236,47,2,1
BRDA:247,48,0,1
BRDA:247,48,1,1
BRDA:257,49,0,1
BRDA:257,49,1,0
BRF:79
BRH:48
end_of_record
